{"C:\\Users\\ACER\\Desktop\\np-payment-sdk\\src\\index.ts": {"path":"C:\\Users\\ACER\\Desktop\\np-payment-sdk\\src\\index.ts","statementMap":{"0":{"start":{"line":1,"column":0},"end":{"line":1,"column":61}},"1":{"start":{"line":2,"column":0},"end":{"line":2,"column":64}},"2":{"start":{"line":3,"column":0},"end":{"line":3,"column":76}},"3":{"start":{"line":4,"column":0},"end":{"line":4,"column":64}},"4":{"start":{"line":5,"column":0},"end":{"line":5,"column":85}},"5":{"start":{"line":6,"column":0},"end":{"line":6,"column":69}},"6":{"start":{"line":7,"column":0},"end":{"line":7,"column":52}},"7":{"start":{"line":10,"column":0},"end":{"line":10,"column":9}},"8":{"start":{"line":180,"column":9},"end":{"line":10,"column":44}},"9":{"start":{"line":12,"column":0},"end":{"line":12,"column":null}},"10":{"start":{"line":13,"column":2},"end":{"line":13,"column":null}},"11":{"start":{"line":14,"column":2},"end":{"line":14,"column":null}},"12":{"start":{"line":15,"column":2},"end":{"line":15,"column":null}},"13":{"start":{"line":16,"column":2},"end":{"line":16,"column":null}},"14":{"start":{"line":17,"column":2},"end":{"line":17,"column":null}},"15":{"start":{"line":18,"column":2},"end":{"line":18,"column":null}},"16":{"start":{"line":19,"column":2},"end":{"line":19,"column":null}},"17":{"start":{"line":20,"column":2},"end":{"line":20,"column":null}},"18":{"start":{"line":21,"column":2},"end":{"line":21,"column":null}},"19":{"start":{"line":22,"column":2},"end":{"line":22,"column":null}},"20":{"start":{"line":23,"column":2},"end":{"line":23,"column":null}},"21":{"start":{"line":49,"column":22},"end":{"line":49,"column":46}},"22":{"start":{"line":47,"column":10},"end":{"line":47,"column":61}},"23":{"start":{"line":51,"column":4},"end":{"line":53,"column":5}},"24":{"start":{"line":52,"column":6},"end":{"line":52,"column":84}},"25":{"start":{"line":54,"column":4},"end":{"line":56,"column":5}},"26":{"start":{"line":55,"column":6},"end":{"line":55,"column":87}},"27":{"start":{"line":57,"column":4},"end":{"line":59,"column":5}},"28":{"start":{"line":58,"column":6},"end":{"line":58,"column":99}},"29":{"start":{"line":60,"column":4},"end":{"line":62,"column":5}},"30":{"start":{"line":61,"column":6},"end":{"line":61,"column":87}},"31":{"start":{"line":63,"column":4},"end":{"line":65,"column":5}},"32":{"start":{"line":64,"column":6},"end":{"line":64,"column":108}},"33":{"start":{"line":67,"column":4},"end":{"line":70,"column":5}},"34":{"start":{"line":71,"column":4},"end":{"line":73,"column":5}},"35":{"start":{"line":76,"column":4},"end":{"line":80,"column":5}},"36":{"start":{"line":77,"column":6},"end":{"line":79,"column":7}},"37":{"start":{"line":78,"column":8},"end":{"line":78,"column":41}},"38":{"start":{"line":87,"column":4},"end":{"line":87,"column":37}},"39":{"start":{"line":91,"column":4},"end":{"line":93,"column":5}},"40":{"start":{"line":92,"column":6},"end":{"line":92,"column":77}},"41":{"start":{"line":94,"column":4},"end":{"line":96,"column":5}},"42":{"start":{"line":95,"column":6},"end":{"line":95,"column":89}},"43":{"start":{"line":97,"column":4},"end":{"line":99,"column":5}},"44":{"start":{"line":98,"column":6},"end":{"line":98,"column":76}},"45":{"start":{"line":100,"column":4},"end":{"line":102,"column":5}},"46":{"start":{"line":101,"column":6},"end":{"line":101,"column":69}},"47":{"start":{"line":103,"column":4},"end":{"line":105,"column":5}},"48":{"start":{"line":104,"column":6},"end":{"line":104,"column":72}},"49":{"start":{"line":106,"column":20},"end":{"line":106,"column":53}},"50":{"start":{"line":107,"column":4},"end":{"line":109,"column":5}},"51":{"start":{"line":108,"column":6},"end":{"line":108,"column":100}},"52":{"start":{"line":110,"column":19},"end":{"line":110,"column":44}},"53":{"start":{"line":111,"column":4},"end":{"line":111,"column":70}},"54":{"start":{"line":112,"column":4},"end":{"line":112,"column":18}},"55":{"start":{"line":116,"column":20},"end":{"line":116,"column":53}},"56":{"start":{"line":117,"column":4},"end":{"line":119,"column":5}},"57":{"start":{"line":118,"column":6},"end":{"line":118,"column":100}},"58":{"start":{"line":120,"column":19},"end":{"line":120,"column":47}},"59":{"start":{"line":121,"column":4},"end":{"line":121,"column":73}},"60":{"start":{"line":122,"column":4},"end":{"line":122,"column":18}},"61":{"start":{"line":126,"column":20},"end":{"line":126,"column":53}},"62":{"start":{"line":127,"column":4},"end":{"line":129,"column":5}},"63":{"start":{"line":128,"column":6},"end":{"line":128,"column":100}},"64":{"start":{"line":130,"column":19},"end":{"line":130,"column":47}},"65":{"start":{"line":131,"column":4},"end":{"line":131,"column":73}},"66":{"start":{"line":132,"column":4},"end":{"line":132,"column":18}},"67":{"start":{"line":136,"column":20},"end":{"line":136,"column":53}},"68":{"start":{"line":137,"column":4},"end":{"line":139,"column":5}},"69":{"start":{"line":138,"column":6},"end":{"line":138,"column":120}},"70":{"start":{"line":140,"column":19},"end":{"line":140,"column":50}},"71":{"start":{"line":141,"column":4},"end":{"line":141,"column":76}},"72":{"start":{"line":142,"column":4},"end":{"line":142,"column":18}},"73":{"start":{"line":146,"column":20},"end":{"line":146,"column":53}},"74":{"start":{"line":147,"column":4},"end":{"line":149,"column":5}},"75":{"start":{"line":148,"column":6},"end":{"line":148,"column":110}},"76":{"start":{"line":150,"column":19},"end":{"line":150,"column":54}},"77":{"start":{"line":151,"column":4},"end":{"line":151,"column":80}},"78":{"start":{"line":152,"column":4},"end":{"line":152,"column":18}},"79":{"start":{"line":156,"column":20},"end":{"line":156,"column":53}},"80":{"start":{"line":157,"column":4},"end":{"line":159,"column":5}},"81":{"start":{"line":158,"column":6},"end":{"line":158,"column":108}},"82":{"start":{"line":160,"column":19},"end":{"line":160,"column":47}},"83":{"start":{"line":161,"column":4},"end":{"line":161,"column":73}},"84":{"start":{"line":162,"column":4},"end":{"line":162,"column":18}},"85":{"start":{"line":167,"column":4},"end":{"line":167,"column":35}},"86":{"start":{"line":170,"column":4},"end":{"line":170,"column":54}},"87":{"start":{"line":173,"column":4},"end":{"line":173,"column":49}},"88":{"start":{"line":176,"column":4},"end":{"line":176,"column":38}},"89":{"start":{"line":46,"column":0},"end":{"line":46,"column":13}}},"fnMap":{"0":{"name":"(anonymous_9)","decl":{"start":{"line":180,"column":9},"end":{"line":180,"column":17}},"loc":{"start":{"line":180,"column":9},"end":{"line":10,"column":44}}},"1":{"name":"(anonymous_10)","decl":{"start":{"line":12,"column":0},"end":{"line":12,"column":12}},"loc":{"start":{"line":12,"column":23},"end":{"line":25,"column":1}}},"2":{"name":"(anonymous_11)","decl":{"start":{"line":49,"column":2},"end":{"line":49,"column":22}},"loc":{"start":{"line":49,"column":46},"end":{"line":81,"column":3}}},"3":{"name":"(anonymous_12)","decl":{"start":{"line":86,"column":2},"end":{"line":86,"column":18}},"loc":{"start":{"line":86,"column":57},"end":{"line":88,"column":3}}},"4":{"name":"(anonymous_13)","decl":{"start":{"line":90,"column":2},"end":{"line":90,"column":7}},"loc":{"start":{"line":90,"column":33},"end":{"line":113,"column":3}}},"5":{"name":"(anonymous_14)","decl":{"start":{"line":115,"column":2},"end":{"line":115,"column":7}},"loc":{"start":{"line":115,"column":26},"end":{"line":123,"column":3}}},"6":{"name":"(anonymous_15)","decl":{"start":{"line":125,"column":2},"end":{"line":125,"column":7}},"loc":{"start":{"line":125,"column":26},"end":{"line":133,"column":3}}},"7":{"name":"(anonymous_16)","decl":{"start":{"line":135,"column":2},"end":{"line":135,"column":7}},"loc":{"start":{"line":135,"column":29},"end":{"line":143,"column":3}}},"8":{"name":"(anonymous_17)","decl":{"start":{"line":145,"column":2},"end":{"line":145,"column":7}},"loc":{"start":{"line":145,"column":33},"end":{"line":153,"column":3}}},"9":{"name":"(anonymous_18)","decl":{"start":{"line":155,"column":2},"end":{"line":155,"column":7}},"loc":{"start":{"line":155,"column":26},"end":{"line":163,"column":3}}},"10":{"name":"(anonymous_19)","decl":{"start":{"line":166,"column":2},"end":{"line":166,"column":16}},"loc":{"start":{"line":166,"column":28},"end":{"line":168,"column":3}}},"11":{"name":"(anonymous_20)","decl":{"start":{"line":169,"column":2},"end":{"line":169,"column":19}},"loc":{"start":{"line":169,"column":55},"end":{"line":171,"column":3}}},"12":{"name":"(anonymous_21)","decl":{"start":{"line":172,"column":2},"end":{"line":172,"column":16}},"loc":{"start":{"line":172,"column":38},"end":{"line":174,"column":3}}},"13":{"name":"(anonymous_22)","decl":{"start":{"line":175,"column":2},"end":{"line":175,"column":18}},"loc":{"start":{"line":175,"column":18},"end":{"line":177,"column":3}}}},"branchMap":{"0":{"loc":{"start":{"line":12,"column":12},"end":{"line":12,"column":null}},"type":"binary-expr","locations":[{"start":{"line":12,"column":12},"end":{"line":12,"column":23}},{"start":{"line":12,"column":23},"end":{"line":12,"column":null}}]},"1":{"loc":{"start":{"line":51,"column":4},"end":{"line":53,"column":5}},"type":"if","locations":[{"start":{"line":51,"column":4},"end":{"line":53,"column":5}}]},"2":{"loc":{"start":{"line":54,"column":4},"end":{"line":56,"column":5}},"type":"if","locations":[{"start":{"line":54,"column":4},"end":{"line":56,"column":5}}]},"3":{"loc":{"start":{"line":57,"column":4},"end":{"line":59,"column":5}},"type":"if","locations":[{"start":{"line":57,"column":4},"end":{"line":59,"column":5}}]},"4":{"loc":{"start":{"line":60,"column":4},"end":{"line":62,"column":5}},"type":"if","locations":[{"start":{"line":60,"column":4},"end":{"line":62,"column":5}}]},"5":{"loc":{"start":{"line":63,"column":4},"end":{"line":65,"column":5}},"type":"if","locations":[{"start":{"line":63,"column":4},"end":{"line":65,"column":5}}]},"6":{"loc":{"start":{"line":67,"column":4},"end":{"line":70,"column":5}},"type":"if","locations":[{"start":{"line":67,"column":4},"end":{"line":70,"column":5}}]},"7":{"loc":{"start":{"line":71,"column":4},"end":{"line":73,"column":5}},"type":"if","locations":[{"start":{"line":71,"column":4},"end":{"line":73,"column":5}}]},"8":{"loc":{"start":{"line":76,"column":4},"end":{"line":80,"column":5}},"type":"if","locations":[{"start":{"line":76,"column":4},"end":{"line":80,"column":5}}]},"9":{"loc":{"start":{"line":91,"column":4},"end":{"line":93,"column":5}},"type":"if","locations":[{"start":{"line":91,"column":4},"end":{"line":93,"column":5}}]},"10":{"loc":{"start":{"line":91,"column":8},"end":{"line":91,"column":45}},"type":"binary-expr","locations":[{"start":{"line":91,"column":8},"end":{"line":91,"column":15}},{"start":{"line":91,"column":19},"end":{"line":91,"column":45}}]},"11":{"loc":{"start":{"line":94,"column":4},"end":{"line":96,"column":5}},"type":"if","locations":[{"start":{"line":94,"column":4},"end":{"line":96,"column":5}}]},"12":{"loc":{"start":{"line":97,"column":4},"end":{"line":99,"column":5}},"type":"if","locations":[{"start":{"line":97,"column":4},"end":{"line":99,"column":5}}]},"13":{"loc":{"start":{"line":97,"column":8},"end":{"line":97,"column":81}},"type":"binary-expr","locations":[{"start":{"line":97,"column":8},"end":{"line":97,"column":22}},{"start":{"line":97,"column":26},"end":{"line":97,"column":59}},{"start":{"line":97,"column":63},"end":{"line":97,"column":81}}]},"14":{"loc":{"start":{"line":100,"column":4},"end":{"line":102,"column":5}},"type":"if","locations":[{"start":{"line":100,"column":4},"end":{"line":102,"column":5}}]},"15":{"loc":{"start":{"line":103,"column":4},"end":{"line":105,"column":5}},"type":"if","locations":[{"start":{"line":103,"column":4},"end":{"line":105,"column":5}}]},"16":{"loc":{"start":{"line":107,"column":4},"end":{"line":109,"column":5}},"type":"if","locations":[{"start":{"line":107,"column":4},"end":{"line":109,"column":5}}]},"17":{"loc":{"start":{"line":117,"column":4},"end":{"line":119,"column":5}},"type":"if","locations":[{"start":{"line":117,"column":4},"end":{"line":119,"column":5}}]},"18":{"loc":{"start":{"line":127,"column":4},"end":{"line":129,"column":5}},"type":"if","locations":[{"start":{"line":127,"column":4},"end":{"line":129,"column":5}}]},"19":{"loc":{"start":{"line":137,"column":4},"end":{"line":139,"column":5}},"type":"if","locations":[{"start":{"line":137,"column":4},"end":{"line":139,"column":5}}]},"20":{"loc":{"start":{"line":137,"column":8},"end":{"line":137,"column":38}},"type":"binary-expr","locations":[{"start":{"line":137,"column":8},"end":{"line":137,"column":16}},{"start":{"line":137,"column":20},"end":{"line":137,"column":38}}]},"21":{"loc":{"start":{"line":147,"column":4},"end":{"line":149,"column":5}},"type":"if","locations":[{"start":{"line":147,"column":4},"end":{"line":149,"column":5}}]},"22":{"loc":{"start":{"line":147,"column":8},"end":{"line":147,"column":42}},"type":"binary-expr","locations":[{"start":{"line":147,"column":8},"end":{"line":147,"column":16}},{"start":{"line":147,"column":20},"end":{"line":147,"column":42}}]},"23":{"loc":{"start":{"line":157,"column":4},"end":{"line":159,"column":5}},"type":"if","locations":[{"start":{"line":157,"column":4},"end":{"line":159,"column":5}}]},"24":{"loc":{"start":{"line":157,"column":8},"end":{"line":157,"column":35}},"type":"binary-expr","locations":[{"start":{"line":157,"column":8},"end":{"line":157,"column":16}},{"start":{"line":157,"column":20},"end":{"line":157,"column":35}}]}},"s":{"0":2,"1":2,"2":2,"3":2,"4":2,"5":2,"6":2,"7":2,"8":8,"9":2,"10":2,"11":2,"12":2,"13":2,"14":2,"15":2,"16":2,"17":2,"18":2,"19":2,"20":2,"21":11,"22":11,"23":11,"24":10,"25":11,"26":0,"27":11,"28":0,"29":11,"30":0,"31":11,"32":0,"33":11,"34":11,"35":11,"36":1,"37":2,"38":0,"39":6,"40":0,"41":6,"42":1,"43":5,"44":1,"45":4,"46":0,"47":4,"48":0,"49":4,"50":4,"51":1,"52":3,"53":3,"54":3,"55":4,"56":4,"57":1,"58":3,"59":3,"60":3,"61":4,"62":4,"63":1,"64":3,"65":3,"66":3,"67":2,"68":2,"69":0,"70":2,"71":2,"72":2,"73":2,"74":2,"75":0,"76":2,"77":2,"78":2,"79":2,"80":2,"81":0,"82":2,"83":2,"84":2,"85":2,"86":2,"87":4,"88":2,"89":2},"f":{"0":6,"1":2,"2":11,"3":0,"4":6,"5":4,"6":4,"7":2,"8":2,"9":2,"10":2,"11":2,"12":4,"13":2},"b":{"0":[2,2],"1":[10],"2":[0],"3":[0],"4":[0],"5":[0],"6":[0],"7":[0],"8":[1],"9":[0],"10":[6,6],"11":[1],"12":[1],"13":[5,4,4],"14":[0],"15":[0],"16":[1],"17":[1],"18":[1],"19":[0],"20":[2,2],"21":[0],"22":[2,2],"23":[0],"24":[2,2]}}
,"C:\\Users\\ACER\\Desktop\\np-payment-sdk\\src\\gateways\\connectips.ts": {"path":"C:\\Users\\ACER\\Desktop\\np-payment-sdk\\src\\gateways\\connectips.ts","statementMap":{"0":{"start":{"line":12,"column":22},"end":{"line":12,"column":46}},"1":{"start":{"line":13,"column":4},"end":{"line":13,"column":66}},"2":{"start":{"line":18,"column":4},"end":{"line":18,"column":101}},"3":{"start":{"line":23,"column":4},"end":{"line":23,"column":100}},"4":{"start":{"line":28,"column":4},"end":{"line":28,"column":100}},"5":{"start":{"line":9,"column":0},"end":{"line":9,"column":13}}},"fnMap":{"0":{"name":"(anonymous_0)","decl":{"start":{"line":12,"column":2},"end":{"line":12,"column":22}},"loc":{"start":{"line":12,"column":46},"end":{"line":14,"column":3}}},"1":{"name":"(anonymous_1)","decl":{"start":{"line":16,"column":2},"end":{"line":16,"column":7}},"loc":{"start":{"line":16,"column":33},"end":{"line":19,"column":3}}},"2":{"name":"(anonymous_2)","decl":{"start":{"line":21,"column":2},"end":{"line":21,"column":7}},"loc":{"start":{"line":21,"column":65},"end":{"line":24,"column":3}}},"3":{"name":"(anonymous_3)","decl":{"start":{"line":26,"column":2},"end":{"line":26,"column":7}},"loc":{"start":{"line":26,"column":65},"end":{"line":29,"column":3}}}},"branchMap":{"0":{"loc":{"start":{"line":13,"column":19},"end":{"line":13,"column":65}},"type":"binary-expr","locations":[{"start":{"line":13,"column":19},"end":{"line":13,"column":33}},{"start":{"line":13,"column":37},"end":{"line":13,"column":65}}]}},"s":{"0":0,"1":0,"2":0,"3":0,"4":0,"5":2},"f":{"0":0,"1":0,"2":0,"3":0},"b":{"0":[0,0]}}
,"C:\\Users\\ACER\\Desktop\\np-payment-sdk\\src\\gateways\\esewa.ts": {"path":"C:\\Users\\ACER\\Desktop\\np-payment-sdk\\src\\gateways\\esewa.ts","statementMap":{"0":{"start":{"line":1,"column":0},"end":{"line":1,"column":70}},"1":{"start":{"line":12,"column":22},"end":{"line":12,"column":41}},"2":{"start":{"line":13,"column":4},"end":{"line":13,"column":64}},"3":{"start":{"line":17,"column":4},"end":{"line":41,"column":5}},"4":{"start":{"line":19,"column":22},"end":{"line":29,"column":8}},"5":{"start":{"line":33,"column":6},"end":{"line":38,"column":8}},"6":{"start":{"line":40,"column":6},"end":{"line":40,"column":91}},"7":{"start":{"line":45,"column":4},"end":{"line":56,"column":5}},"8":{"start":{"line":48,"column":6},"end":{"line":53,"column":8}},"9":{"start":{"line":55,"column":6},"end":{"line":55,"column":95}},"10":{"start":{"line":60,"column":4},"end":{"line":71,"column":5}},"11":{"start":{"line":63,"column":6},"end":{"line":68,"column":8}},"12":{"start":{"line":70,"column":6},"end":{"line":70,"column":89}},"13":{"start":{"line":9,"column":0},"end":{"line":9,"column":13}}},"fnMap":{"0":{"name":"(anonymous_0)","decl":{"start":{"line":12,"column":2},"end":{"line":12,"column":22}},"loc":{"start":{"line":12,"column":41},"end":{"line":14,"column":3}}},"1":{"name":"(anonymous_1)","decl":{"start":{"line":16,"column":2},"end":{"line":16,"column":7}},"loc":{"start":{"line":16,"column":33},"end":{"line":42,"column":3}}},"2":{"name":"(anonymous_2)","decl":{"start":{"line":44,"column":2},"end":{"line":44,"column":7}},"loc":{"start":{"line":44,"column":65},"end":{"line":57,"column":3}}},"3":{"name":"(anonymous_3)","decl":{"start":{"line":59,"column":2},"end":{"line":59,"column":7}},"loc":{"start":{"line":59,"column":65},"end":{"line":72,"column":3}}}},"branchMap":{"0":{"loc":{"start":{"line":13,"column":19},"end":{"line":13,"column":63}},"type":"binary-expr","locations":[{"start":{"line":13,"column":19},"end":{"line":13,"column":33}},{"start":{"line":13,"column":37},"end":{"line":13,"column":63}}]},"1":{"loc":{"start":{"line":25,"column":13},"end":{"line":25,"column":46}},"type":"binary-expr","locations":[{"start":{"line":25,"column":13},"end":{"line":25,"column":33}},{"start":{"line":25,"column":37},"end":{"line":25,"column":46}}]},"2":{"loc":{"start":{"line":28,"column":12},"end":{"line":28,"column":46}},"type":"binary-expr","locations":[{"start":{"line":28,"column":12},"end":{"line":28,"column":26}},{"start":{"line":28,"column":30},"end":{"line":28,"column":46}}]},"3":{"loc":{"start":{"line":40,"column":29},"end":{"line":40,"column":66}},"type":"binary-expr","locations":[{"start":{"line":40,"column":29},"end":{"line":40,"column":40}},{"start":{"line":40,"column":44},"end":{"line":40,"column":66}}]},"4":{"loc":{"start":{"line":55,"column":29},"end":{"line":55,"column":71}},"type":"binary-expr","locations":[{"start":{"line":55,"column":29},"end":{"line":55,"column":40}},{"start":{"line":55,"column":44},"end":{"line":55,"column":71}}]},"5":{"loc":{"start":{"line":70,"column":29},"end":{"line":70,"column":65}},"type":"binary-expr","locations":[{"start":{"line":70,"column":29},"end":{"line":70,"column":40}},{"start":{"line":70,"column":44},"end":{"line":70,"column":65}}]}},"s":{"0":2,"1":10,"2":10,"3":1,"4":1,"5":1,"6":0,"7":1,"8":1,"9":0,"10":1,"11":1,"12":0,"13":2},"f":{"0":10,"1":1,"2":1,"3":1},"b":{"0":[10,10],"1":[1,1],"2":[1,1],"3":[0,0],"4":[0,0],"5":[0,0]}}
,"C:\\Users\\ACER\\Desktop\\np-payment-sdk\\src\\gateways\\imepay.ts": {"path":"C:\\Users\\ACER\\Desktop\\np-payment-sdk\\src\\gateways\\imepay.ts","statementMap":{"0":{"start":{"line":12,"column":22},"end":{"line":12,"column":42}},"1":{"start":{"line":13,"column":4},"end":{"line":13,"column":69}},"2":{"start":{"line":18,"column":4},"end":{"line":18,"column":97}},"3":{"start":{"line":23,"column":4},"end":{"line":23,"column":96}},"4":{"start":{"line":28,"column":4},"end":{"line":28,"column":96}},"5":{"start":{"line":9,"column":0},"end":{"line":9,"column":13}}},"fnMap":{"0":{"name":"(anonymous_0)","decl":{"start":{"line":12,"column":2},"end":{"line":12,"column":22}},"loc":{"start":{"line":12,"column":42},"end":{"line":14,"column":3}}},"1":{"name":"(anonymous_1)","decl":{"start":{"line":16,"column":2},"end":{"line":16,"column":7}},"loc":{"start":{"line":16,"column":33},"end":{"line":19,"column":3}}},"2":{"name":"(anonymous_2)","decl":{"start":{"line":21,"column":2},"end":{"line":21,"column":7}},"loc":{"start":{"line":21,"column":65},"end":{"line":24,"column":3}}},"3":{"name":"(anonymous_3)","decl":{"start":{"line":26,"column":2},"end":{"line":26,"column":7}},"loc":{"start":{"line":26,"column":65},"end":{"line":29,"column":3}}}},"branchMap":{"0":{"loc":{"start":{"line":13,"column":19},"end":{"line":13,"column":68}},"type":"binary-expr","locations":[{"start":{"line":13,"column":19},"end":{"line":13,"column":33}},{"start":{"line":13,"column":37},"end":{"line":13,"column":68}}]}},"s":{"0":0,"1":0,"2":0,"3":0,"4":0,"5":2},"f":{"0":0,"1":0,"2":0,"3":0},"b":{"0":[0,0]}}
,"C:\\Users\\ACER\\Desktop\\np-payment-sdk\\src\\gateways\\khalti.ts": {"path":"C:\\Users\\ACER\\Desktop\\np-payment-sdk\\src\\gateways\\khalti.ts","statementMap":{"0":{"start":{"line":1,"column":0},"end":{"line":1,"column":26}},"1":{"start":{"line":2,"column":0},"end":{"line":2,"column":70}},"2":{"start":{"line":13,"column":22},"end":{"line":13,"column":42}},"3":{"start":{"line":14,"column":4},"end":{"line":14,"column":65}},"4":{"start":{"line":18,"column":4},"end":{"line":48,"column":5}},"5":{"start":{"line":19,"column":22},"end":{"line":26,"column":8}},"6":{"start":{"line":27,"column":23},"end":{"line":35,"column":null}},"7":{"start":{"line":37,"column":6},"end":{"line":42,"column":8}},"8":{"start":{"line":44,"column":6},"end":{"line":47,"column":8}},"9":{"start":{"line":52,"column":4},"end":{"line":76,"column":5}},"10":{"start":{"line":53,"column":23},"end":{"line":63,"column":null}},"11":{"start":{"line":65,"column":6},"end":{"line":70,"column":8}},"12":{"start":{"line":72,"column":6},"end":{"line":75,"column":8}},"13":{"start":{"line":81,"column":4},"end":{"line":81,"column":105}},"14":{"start":{"line":10,"column":0},"end":{"line":10,"column":13}}},"fnMap":{"0":{"name":"(anonymous_1)","decl":{"start":{"line":13,"column":2},"end":{"line":13,"column":22}},"loc":{"start":{"line":13,"column":42},"end":{"line":15,"column":3}}},"1":{"name":"(anonymous_2)","decl":{"start":{"line":17,"column":2},"end":{"line":17,"column":7}},"loc":{"start":{"line":17,"column":33},"end":{"line":49,"column":3}}},"2":{"name":"(anonymous_3)","decl":{"start":{"line":51,"column":2},"end":{"line":51,"column":7}},"loc":{"start":{"line":51,"column":64},"end":{"line":77,"column":3}}},"3":{"name":"(anonymous_4)","decl":{"start":{"line":79,"column":2},"end":{"line":79,"column":7}},"loc":{"start":{"line":79,"column":64},"end":{"line":82,"column":3}}}},"branchMap":{"0":{"loc":{"start":{"line":14,"column":19},"end":{"line":14,"column":64}},"type":"binary-expr","locations":[{"start":{"line":14,"column":19},"end":{"line":14,"column":33}},{"start":{"line":14,"column":37},"end":{"line":14,"column":64}}]},"1":{"loc":{"start":{"line":21,"column":21},"end":{"line":21,"column":58}},"type":"binary-expr","locations":[{"start":{"line":21,"column":21},"end":{"line":21,"column":38}},{"start":{"line":21,"column":42},"end":{"line":21,"column":58}}]},"2":{"loc":{"start":{"line":24,"column":29},"end":{"line":24,"column":64}},"type":"binary-expr","locations":[{"start":{"line":24,"column":29},"end":{"line":24,"column":53}},{"start":{"line":24,"column":57},"end":{"line":24,"column":64}}]},"3":{"loc":{"start":{"line":25,"column":23},"end":{"line":25,"column":48}},"type":"binary-expr","locations":[{"start":{"line":25,"column":23},"end":{"line":25,"column":42}},{"start":{"line":25,"column":46},"end":{"line":25,"column":48}}]},"4":{"loc":{"start":{"line":45,"column":8},"end":{"line":45,"column":76}},"type":"binary-expr","locations":[{"start":{"line":45,"column":8},"end":{"line":45,"column":34}},{"start":{"line":45,"column":38},"end":{"line":45,"column":49}},{"start":{"line":45,"column":53},"end":{"line":45,"column":76}}]},"5":{"loc":{"start":{"line":45,"column":8},"end":{"line":45,"column":34}},"type":"cond-expr","locations":[{"start":{"line":45,"column":26},"end":{"line":45,"column":28}},{"start":{"line":45,"column":26},"end":{"line":45,"column":34}}]},"6":{"loc":{"start":{"line":45,"column":8},"end":{"line":45,"column":28}},"type":"binary-expr","locations":[{"start":{"line":45,"column":8},"end":{"line":45,"column":28}},{"start":{"line":45,"column":26},"end":{"line":45,"column":28}}]},"7":{"loc":{"start":{"line":45,"column":8},"end":{"line":45,"column":26}},"type":"cond-expr","locations":[{"start":{"line":45,"column":20},"end":{"line":45,"column":22}},{"start":{"line":45,"column":20},"end":{"line":45,"column":26}}]},"8":{"loc":{"start":{"line":45,"column":8},"end":{"line":45,"column":22}},"type":"binary-expr","locations":[{"start":{"line":45,"column":8},"end":{"line":45,"column":22}},{"start":{"line":45,"column":20},"end":{"line":45,"column":22}}]},"9":{"loc":{"start":{"line":67,"column":16},"end":{"line":67,"column":76}},"type":"cond-expr","locations":[{"start":{"line":67,"column":55},"end":{"line":67,"column":64}},{"start":{"line":67,"column":67},"end":{"line":67,"column":76}}]},"10":{"loc":{"start":{"line":73,"column":8},"end":{"line":73,"column":81}},"type":"binary-expr","locations":[{"start":{"line":73,"column":8},"end":{"line":73,"column":34}},{"start":{"line":73,"column":38},"end":{"line":73,"column":49}},{"start":{"line":73,"column":53},"end":{"line":73,"column":81}}]},"11":{"loc":{"start":{"line":73,"column":8},"end":{"line":73,"column":34}},"type":"cond-expr","locations":[{"start":{"line":73,"column":26},"end":{"line":73,"column":28}},{"start":{"line":73,"column":26},"end":{"line":73,"column":34}}]},"12":{"loc":{"start":{"line":73,"column":8},"end":{"line":73,"column":28}},"type":"binary-expr","locations":[{"start":{"line":73,"column":8},"end":{"line":73,"column":28}},{"start":{"line":73,"column":26},"end":{"line":73,"column":28}}]},"13":{"loc":{"start":{"line":73,"column":8},"end":{"line":73,"column":26}},"type":"cond-expr","locations":[{"start":{"line":73,"column":20},"end":{"line":73,"column":22}},{"start":{"line":73,"column":20},"end":{"line":73,"column":26}}]},"14":{"loc":{"start":{"line":73,"column":8},"end":{"line":73,"column":22}},"type":"binary-expr","locations":[{"start":{"line":73,"column":8},"end":{"line":73,"column":22}},{"start":{"line":73,"column":20},"end":{"line":73,"column":22}}]}},"s":{"0":2,"1":2,"2":0,"3":0,"4":0,"5":0,"6":0,"7":0,"8":0,"9":0,"10":0,"11":0,"12":0,"13":0,"14":2},"f":{"0":0,"1":0,"2":0,"3":0},"b":{"0":[0,0],"1":[0,0],"2":[0,0],"3":[0,0],"4":[0,0,0],"5":[0,0],"6":[0,0],"7":[0,0],"8":[0,0],"9":[0,0],"10":[0,0,0],"11":[0,0],"12":[0,0],"13":[0,0],"14":[0,0]}}
,"C:\\Users\\ACER\\Desktop\\np-payment-sdk\\src\\gateways\\mobilebanking.ts": {"path":"C:\\Users\\ACER\\Desktop\\np-payment-sdk\\src\\gateways\\mobilebanking.ts","statementMap":{"0":{"start":{"line":12,"column":22},"end":{"line":12,"column":49}},"1":{"start":{"line":13,"column":4},"end":{"line":13,"column":72}},"2":{"start":{"line":18,"column":4},"end":{"line":18,"column":104}},"3":{"start":{"line":23,"column":4},"end":{"line":23,"column":103}},"4":{"start":{"line":28,"column":4},"end":{"line":28,"column":103}},"5":{"start":{"line":9,"column":0},"end":{"line":9,"column":13}}},"fnMap":{"0":{"name":"(anonymous_0)","decl":{"start":{"line":12,"column":2},"end":{"line":12,"column":22}},"loc":{"start":{"line":12,"column":49},"end":{"line":14,"column":3}}},"1":{"name":"(anonymous_1)","decl":{"start":{"line":16,"column":2},"end":{"line":16,"column":7}},"loc":{"start":{"line":16,"column":33},"end":{"line":19,"column":3}}},"2":{"name":"(anonymous_2)","decl":{"start":{"line":21,"column":2},"end":{"line":21,"column":7}},"loc":{"start":{"line":21,"column":65},"end":{"line":24,"column":3}}},"3":{"name":"(anonymous_3)","decl":{"start":{"line":26,"column":2},"end":{"line":26,"column":7}},"loc":{"start":{"line":26,"column":65},"end":{"line":29,"column":3}}}},"branchMap":{"0":{"loc":{"start":{"line":13,"column":19},"end":{"line":13,"column":71}},"type":"binary-expr","locations":[{"start":{"line":13,"column":19},"end":{"line":13,"column":33}},{"start":{"line":13,"column":37},"end":{"line":13,"column":71}}]}},"s":{"0":0,"1":0,"2":0,"3":0,"4":0,"5":2},"f":{"0":0,"1":0,"2":0,"3":0},"b":{"0":[0,0]}}
,"C:\\Users\\ACER\\Desktop\\np-payment-sdk\\src\\global-gateways\\cashfree.ts": {"path":"C:\\Users\\ACER\\Desktop\\np-payment-sdk\\src\\global-gateways\\cashfree.ts","statementMap":{"0":{"start":{"line":2,"column":0},"end":{"line":2,"column":39}},"1":{"start":{"line":10,"column":22},"end":{"line":10,"column":103}},"2":{"start":{"line":11,"column":4},"end":{"line":15,"column":14}},"3":{"start":{"line":22,"column":4},"end":{"line":48,"column":5}},"4":{"start":{"line":23,"column":20},"end":{"line":34,"column":8}},"5":{"start":{"line":35,"column":6},"end":{"line":40,"column":8}},"6":{"start":{"line":42,"column":6},"end":{"line":47,"column":8}},"7":{"start":{"line":55,"column":4},"end":{"line":70,"column":5}},"8":{"start":{"line":56,"column":20},"end":{"line":56,"column":87}},"9":{"start":{"line":57,"column":6},"end":{"line":62,"column":8}},"10":{"start":{"line":64,"column":6},"end":{"line":69,"column":8}},"11":{"start":{"line":77,"column":4},"end":{"line":96,"column":5}},"12":{"start":{"line":78,"column":21},"end":{"line":82,"column":8}},"13":{"start":{"line":83,"column":6},"end":{"line":88,"column":8}},"14":{"start":{"line":90,"column":6},"end":{"line":95,"column":8}},"15":{"start":{"line":103,"column":4},"end":{"line":108,"column":6}},"16":{"start":{"line":115,"column":4},"end":{"line":120,"column":6}},"17":{"start":{"line":127,"column":4},"end":{"line":132,"column":6}},"18":{"start":{"line":7,"column":0},"end":{"line":7,"column":13}}},"fnMap":{"0":{"name":"(anonymous_0)","decl":{"start":{"line":10,"column":2},"end":{"line":10,"column":22}},"loc":{"start":{"line":10,"column":103},"end":{"line":16,"column":3}}},"1":{"name":"(anonymous_1)","decl":{"start":{"line":21,"column":2},"end":{"line":21,"column":7}},"loc":{"start":{"line":21,"column":33},"end":{"line":49,"column":3}}},"2":{"name":"(anonymous_2)","decl":{"start":{"line":54,"column":2},"end":{"line":54,"column":7}},"loc":{"start":{"line":54,"column":35},"end":{"line":71,"column":3}}},"3":{"name":"(anonymous_3)","decl":{"start":{"line":76,"column":2},"end":{"line":76,"column":7}},"loc":{"start":{"line":76,"column":35},"end":{"line":97,"column":3}}},"4":{"name":"(anonymous_4)","decl":{"start":{"line":102,"column":2},"end":{"line":102,"column":7}},"loc":{"start":{"line":102,"column":44},"end":{"line":109,"column":3}}},"5":{"name":"(anonymous_5)","decl":{"start":{"line":114,"column":2},"end":{"line":114,"column":7}},"loc":{"start":{"line":114,"column":43},"end":{"line":121,"column":3}}},"6":{"name":"(anonymous_6)","decl":{"start":{"line":126,"column":2},"end":{"line":126,"column":7}},"loc":{"start":{"line":126,"column":35},"end":{"line":133,"column":3}}}},"branchMap":{"0":{"loc":{"start":{"line":12,"column":11},"end":{"line":12,"column":39}},"type":"binary-expr","locations":[{"start":{"line":12,"column":11},"end":{"line":12,"column":29}},{"start":{"line":12,"column":33},"end":{"line":12,"column":39}}]},"1":{"loc":{"start":{"line":33,"column":19},"end":{"line":33,"column":55}},"type":"binary-expr","locations":[{"start":{"line":33,"column":19},"end":{"line":33,"column":35}},{"start":{"line":33,"column":39},"end":{"line":33,"column":55}}]},"2":{"loc":{"start":{"line":46,"column":17},"end":{"line":46,"column":57}},"type":"binary-expr","locations":[{"start":{"line":46,"column":17},"end":{"line":46,"column":28}},{"start":{"line":46,"column":32},"end":{"line":46,"column":57}}]},"3":{"loc":{"start":{"line":59,"column":16},"end":{"line":59,"column":68}},"type":"cond-expr","locations":[{"start":{"line":59,"column":47},"end":{"line":59,"column":56}},{"start":{"line":59,"column":59},"end":{"line":59,"column":68}}]},"4":{"loc":{"start":{"line":68,"column":17},"end":{"line":68,"column":62}},"type":"binary-expr","locations":[{"start":{"line":68,"column":17},"end":{"line":68,"column":28}},{"start":{"line":68,"column":32},"end":{"line":68,"column":62}}]},"5":{"loc":{"start":{"line":81,"column":18},"end":{"line":81,"column":59}},"type":"binary-expr","locations":[{"start":{"line":81,"column":18},"end":{"line":81,"column":33}},{"start":{"line":81,"column":37},"end":{"line":81,"column":59}}]},"6":{"loc":{"start":{"line":94,"column":17},"end":{"line":94,"column":56}},"type":"binary-expr","locations":[{"start":{"line":94,"column":17},"end":{"line":94,"column":28}},{"start":{"line":94,"column":32},"end":{"line":94,"column":56}}]}},"s":{"0":1,"1":1,"2":1,"3":1,"4":1,"5":1,"6":0,"7":1,"8":1,"9":1,"10":0,"11":1,"12":1,"13":1,"14":0,"15":1,"16":1,"17":1,"18":1},"f":{"0":1,"1":1,"2":1,"3":1,"4":1,"5":1,"6":1},"b":{"0":[1,0],"1":[1,1],"2":[0,0],"3":[1,0],"4":[0,0],"5":[1,1],"6":[0,0]}}
,"C:\\Users\\ACER\\Desktop\\np-payment-sdk\\src\\global-gateways\\flutterwave.ts": {"path":"C:\\Users\\ACER\\Desktop\\np-payment-sdk\\src\\global-gateways\\flutterwave.ts","statementMap":{"0":{"start":{"line":2,"column":0},"end":{"line":2,"column":46}},"1":{"start":{"line":10,"column":22},"end":{"line":10,"column":93}},"2":{"start":{"line":11,"column":4},"end":{"line":11,"column":67}},"3":{"start":{"line":18,"column":4},"end":{"line":45,"column":5}},"4":{"start":{"line":19,"column":22},"end":{"line":30,"column":8}},"5":{"start":{"line":31,"column":23},"end":{"line":31,"column":58}},"6":{"start":{"line":32,"column":6},"end":{"line":37,"column":8}},"7":{"start":{"line":39,"column":6},"end":{"line":44,"column":8}},"8":{"start":{"line":52,"column":4},"end":{"line":67,"column":5}},"9":{"start":{"line":53,"column":23},"end":{"line":53,"column":86}},"10":{"start":{"line":54,"column":6},"end":{"line":59,"column":8}},"11":{"start":{"line":61,"column":6},"end":{"line":66,"column":8}},"12":{"start":{"line":74,"column":4},"end":{"line":93,"column":5}},"13":{"start":{"line":75,"column":23},"end":{"line":79,"column":8}},"14":{"start":{"line":80,"column":6},"end":{"line":85,"column":8}},"15":{"start":{"line":87,"column":6},"end":{"line":92,"column":8}},"16":{"start":{"line":100,"column":4},"end":{"line":105,"column":6}},"17":{"start":{"line":112,"column":4},"end":{"line":117,"column":6}},"18":{"start":{"line":124,"column":4},"end":{"line":129,"column":6}},"19":{"start":{"line":7,"column":0},"end":{"line":7,"column":13}}},"fnMap":{"0":{"name":"(anonymous_1)","decl":{"start":{"line":10,"column":2},"end":{"line":10,"column":22}},"loc":{"start":{"line":10,"column":93},"end":{"line":12,"column":3}}},"1":{"name":"(anonymous_2)","decl":{"start":{"line":17,"column":2},"end":{"line":17,"column":7}},"loc":{"start":{"line":17,"column":33},"end":{"line":46,"column":3}}},"2":{"name":"(anonymous_3)","decl":{"start":{"line":51,"column":2},"end":{"line":51,"column":7}},"loc":{"start":{"line":51,"column":35},"end":{"line":68,"column":3}}},"3":{"name":"(anonymous_4)","decl":{"start":{"line":73,"column":2},"end":{"line":73,"column":7}},"loc":{"start":{"line":73,"column":35},"end":{"line":94,"column":3}}},"4":{"name":"(anonymous_5)","decl":{"start":{"line":99,"column":2},"end":{"line":99,"column":7}},"loc":{"start":{"line":99,"column":44},"end":{"line":106,"column":3}}},"5":{"name":"(anonymous_6)","decl":{"start":{"line":111,"column":2},"end":{"line":111,"column":7}},"loc":{"start":{"line":111,"column":43},"end":{"line":118,"column":3}}},"6":{"name":"(anonymous_7)","decl":{"start":{"line":123,"column":2},"end":{"line":123,"column":7}},"loc":{"start":{"line":123,"column":35},"end":{"line":130,"column":3}}}},"branchMap":{"0":{"loc":{"start":{"line":28,"column":16},"end":{"line":28,"column":62}},"type":"binary-expr","locations":[{"start":{"line":28,"column":16},"end":{"line":28,"column":36}},{"start":{"line":28,"column":40},"end":{"line":28,"column":62}}]},"1":{"loc":{"start":{"line":34,"column":16},"end":{"line":34,"column":69}},"type":"cond-expr","locations":[{"start":{"line":34,"column":48},"end":{"line":34,"column":57}},{"start":{"line":34,"column":60},"end":{"line":34,"column":69}}]},"2":{"loc":{"start":{"line":36,"column":17},"end":{"line":36,"column":68}},"type":"binary-expr","locations":[{"start":{"line":36,"column":17},"end":{"line":36,"column":33}},{"start":{"line":36,"column":37},"end":{"line":36,"column":68}}]},"3":{"loc":{"start":{"line":43,"column":17},"end":{"line":43,"column":60}},"type":"binary-expr","locations":[{"start":{"line":43,"column":17},"end":{"line":43,"column":28}},{"start":{"line":43,"column":32},"end":{"line":43,"column":60}}]},"4":{"loc":{"start":{"line":56,"column":16},"end":{"line":56,"column":77}},"type":"cond-expr","locations":[{"start":{"line":56,"column":56},"end":{"line":56,"column":65}},{"start":{"line":56,"column":68},"end":{"line":56,"column":77}}]},"5":{"loc":{"start":{"line":65,"column":17},"end":{"line":65,"column":65}},"type":"binary-expr","locations":[{"start":{"line":65,"column":17},"end":{"line":65,"column":28}},{"start":{"line":65,"column":32},"end":{"line":65,"column":65}}]},"6":{"loc":{"start":{"line":82,"column":16},"end":{"line":82,"column":69}},"type":"cond-expr","locations":[{"start":{"line":82,"column":48},"end":{"line":82,"column":57}},{"start":{"line":82,"column":60},"end":{"line":82,"column":69}}]},"7":{"loc":{"start":{"line":84,"column":17},"end":{"line":84,"column":67}},"type":"binary-expr","locations":[{"start":{"line":84,"column":17},"end":{"line":84,"column":33}},{"start":{"line":84,"column":37},"end":{"line":84,"column":67}}]},"8":{"loc":{"start":{"line":91,"column":17},"end":{"line":91,"column":59}},"type":"binary-expr","locations":[{"start":{"line":91,"column":17},"end":{"line":91,"column":28}},{"start":{"line":91,"column":32},"end":{"line":91,"column":59}}]}},"s":{"0":1,"1":1,"2":1,"3":1,"4":1,"5":1,"6":1,"7":0,"8":1,"9":1,"10":1,"11":0,"12":1,"13":1,"14":1,"15":0,"16":1,"17":1,"18":1,"19":1},"f":{"0":1,"1":1,"2":1,"3":1,"4":1,"5":1,"6":1},"b":{"0":[1,1],"1":[1,0],"2":[1,0],"3":[0,0],"4":[1,0],"5":[0,0],"6":[1,0],"7":[1,0],"8":[0,0]}}
,"C:\\Users\\ACER\\Desktop\\np-payment-sdk\\src\\global-gateways\\paypal.ts": {"path":"C:\\Users\\ACER\\Desktop\\np-payment-sdk\\src\\global-gateways\\paypal.ts","statementMap":{"0":{"start":{"line":2,"column":0},"end":{"line":2,"column":54}},"1":{"start":{"line":10,"column":22},"end":{"line":10,"column":112}},"2":{"start":{"line":11,"column":16},"end":{"line":13,"column":75}},"3":{"start":{"line":14,"column":4},"end":{"line":14,"column":51}},"4":{"start":{"line":21,"column":4},"end":{"line":60,"column":5}},"5":{"start":{"line":22,"column":22},"end":{"line":22,"column":61}},"6":{"start":{"line":23,"column":6},"end":{"line":23,"column":46}},"7":{"start":{"line":24,"column":6},"end":{"line":36,"column":9}},"8":{"start":{"line":37,"column":20},"end":{"line":37,"column":54}},"9":{"start":{"line":38,"column":6},"end":{"line":52,"column":7}},"10":{"start":{"line":39,"column":8},"end":{"line":44,"column":10}},"11":{"start":{"line":46,"column":8},"end":{"line":51,"column":10}},"12":{"start":{"line":54,"column":6},"end":{"line":59,"column":8}},"13":{"start":{"line":67,"column":4},"end":{"line":83,"column":5}},"14":{"start":{"line":68,"column":22},"end":{"line":68,"column":78}},"15":{"start":{"line":69,"column":20},"end":{"line":69,"column":54}},"16":{"start":{"line":70,"column":6},"end":{"line":75,"column":8}},"17":{"start":{"line":77,"column":6},"end":{"line":82,"column":8}},"18":{"start":{"line":90,"column":4},"end":{"line":125,"column":5}},"19":{"start":{"line":92,"column":27},"end":{"line":92,"column":83}},"20":{"start":{"line":93,"column":20},"end":{"line":93,"column":59}},"21":{"start":{"line":94,"column":24},"end":{"line":94,"column":78}},"22":{"start":{"line":95,"column":28},"end":{"line":95,"column":80}},"23":{"start":{"line":96,"column":6},"end":{"line":101,"column":9}},"24":{"start":{"line":102,"column":21},"end":{"line":102,"column":61}},"25":{"start":{"line":103,"column":6},"end":{"line":117,"column":7}},"26":{"start":{"line":104,"column":8},"end":{"line":109,"column":10}},"27":{"start":{"line":111,"column":8},"end":{"line":116,"column":10}},"28":{"start":{"line":119,"column":6},"end":{"line":124,"column":8}},"29":{"start":{"line":132,"column":4},"end":{"line":137,"column":6}},"30":{"start":{"line":144,"column":4},"end":{"line":149,"column":6}},"31":{"start":{"line":156,"column":4},"end":{"line":161,"column":6}},"32":{"start":{"line":7,"column":0},"end":{"line":7,"column":13}}},"fnMap":{"0":{"name":"(anonymous_9)","decl":{"start":{"line":10,"column":2},"end":{"line":10,"column":22}},"loc":{"start":{"line":10,"column":112},"end":{"line":15,"column":3}}},"1":{"name":"(anonymous_10)","decl":{"start":{"line":20,"column":2},"end":{"line":20,"column":7}},"loc":{"start":{"line":20,"column":33},"end":{"line":61,"column":3}}},"2":{"name":"(anonymous_11)","decl":{"start":{"line":66,"column":2},"end":{"line":66,"column":7}},"loc":{"start":{"line":66,"column":35},"end":{"line":84,"column":3}}},"3":{"name":"(anonymous_12)","decl":{"start":{"line":89,"column":2},"end":{"line":89,"column":7}},"loc":{"start":{"line":89,"column":35},"end":{"line":126,"column":3}}},"4":{"name":"(anonymous_13)","decl":{"start":{"line":131,"column":2},"end":{"line":131,"column":7}},"loc":{"start":{"line":131,"column":44},"end":{"line":138,"column":3}}},"5":{"name":"(anonymous_14)","decl":{"start":{"line":143,"column":2},"end":{"line":143,"column":7}},"loc":{"start":{"line":143,"column":43},"end":{"line":150,"column":3}}},"6":{"name":"(anonymous_15)","decl":{"start":{"line":155,"column":2},"end":{"line":155,"column":7}},"loc":{"start":{"line":155,"column":35},"end":{"line":162,"column":3}}}},"branchMap":{"0":{"loc":{"start":{"line":11,"column":16},"end":{"line":13,"column":75}},"type":"cond-expr","locations":[{"start":{"line":12,"column":8},"end":{"line":12,"column":72}},{"start":{"line":13,"column":8},"end":{"line":13,"column":75}}]},"1":{"loc":{"start":{"line":34,"column":22},"end":{"line":34,"column":58}},"type":"binary-expr","locations":[{"start":{"line":34,"column":22},"end":{"line":34,"column":38}},{"start":{"line":34,"column":42},"end":{"line":34,"column":58}}]},"2":{"loc":{"start":{"line":38,"column":6},"end":{"line":52,"column":7}},"type":"if","locations":[{"start":{"line":38,"column":6},"end":{"line":52,"column":7}},{"start":{"line":45,"column":13},"end":{"line":52,"column":7}}]},"3":{"loc":{"start":{"line":38,"column":10},"end":{"line":38,"column":106}},"type":"binary-expr","locations":[{"start":{"line":38,"column":10},"end":{"line":38,"column":29}},{"start":{"line":38,"column":34},"end":{"line":38,"column":67}},{"start":{"line":38,"column":71},"end":{"line":38,"column":105}}]},"4":{"loc":{"start":{"line":58,"column":17},"end":{"line":58,"column":55}},"type":"binary-expr","locations":[{"start":{"line":58,"column":17},"end":{"line":58,"column":28}},{"start":{"line":58,"column":32},"end":{"line":58,"column":55}}]},"5":{"loc":{"start":{"line":72,"column":16},"end":{"line":72,"column":75}},"type":"cond-expr","locations":[{"start":{"line":72,"column":54},"end":{"line":72,"column":63}},{"start":{"line":72,"column":66},"end":{"line":72,"column":75}}]},"6":{"loc":{"start":{"line":81,"column":17},"end":{"line":81,"column":60}},"type":"binary-expr","locations":[{"start":{"line":81,"column":17},"end":{"line":81,"column":28}},{"start":{"line":81,"column":32},"end":{"line":81,"column":60}}]},"7":{"loc":{"start":{"line":103,"column":6},"end":{"line":117,"column":7}},"type":"if","locations":[{"start":{"line":103,"column":6},"end":{"line":117,"column":7}},{"start":{"line":110,"column":13},"end":{"line":117,"column":7}}]},"8":{"loc":{"start":{"line":103,"column":10},"end":{"line":103,"column":70}},"type":"binary-expr","locations":[{"start":{"line":103,"column":10},"end":{"line":103,"column":30}},{"start":{"line":103,"column":34},"end":{"line":103,"column":70}}]},"9":{"loc":{"start":{"line":123,"column":17},"end":{"line":123,"column":54}},"type":"binary-expr","locations":[{"start":{"line":123,"column":17},"end":{"line":123,"column":28}},{"start":{"line":123,"column":32},"end":{"line":123,"column":54}}]}},"s":{"0":1,"1":1,"2":1,"3":1,"4":1,"5":1,"6":1,"7":1,"8":1,"9":1,"10":1,"11":0,"12":0,"13":1,"14":1,"15":1,"16":1,"17":0,"18":1,"19":1,"20":1,"21":1,"22":1,"23":1,"24":1,"25":1,"26":1,"27":0,"28":0,"29":1,"30":1,"31":1,"32":1},"f":{"0":1,"1":1,"2":1,"3":1,"4":1,"5":1,"6":1},"b":{"0":[0,1],"1":[1,1],"2":[1,0],"3":[1,1,0],"4":[0,0],"5":[1,0],"6":[0,0],"7":[1,0],"8":[1,1],"9":[0,0]}}
,"C:\\Users\\ACER\\Desktop\\np-payment-sdk\\src\\global-gateways\\paystack.ts": {"path":"C:\\Users\\ACER\\Desktop\\np-payment-sdk\\src\\global-gateways\\paystack.ts","statementMap":{"0":{"start":{"line":2,"column":0},"end":{"line":2,"column":36}},"1":{"start":{"line":10,"column":22},"end":{"line":10,"column":51}},"2":{"start":{"line":11,"column":4},"end":{"line":11,"column":47}},"3":{"start":{"line":18,"column":4},"end":{"line":39,"column":5}},"4":{"start":{"line":19,"column":23},"end":{"line":25,"column":8}},"5":{"start":{"line":26,"column":6},"end":{"line":31,"column":8}},"6":{"start":{"line":33,"column":6},"end":{"line":38,"column":8}},"7":{"start":{"line":46,"column":4},"end":{"line":61,"column":5}},"8":{"start":{"line":47,"column":23},"end":{"line":47,"column":83}},"9":{"start":{"line":48,"column":6},"end":{"line":53,"column":8}},"10":{"start":{"line":55,"column":6},"end":{"line":60,"column":8}},"11":{"start":{"line":68,"column":4},"end":{"line":86,"column":5}},"12":{"start":{"line":69,"column":23},"end":{"line":72,"column":8}},"13":{"start":{"line":73,"column":6},"end":{"line":78,"column":8}},"14":{"start":{"line":80,"column":6},"end":{"line":85,"column":8}},"15":{"start":{"line":93,"column":4},"end":{"line":98,"column":6}},"16":{"start":{"line":105,"column":4},"end":{"line":110,"column":6}},"17":{"start":{"line":117,"column":4},"end":{"line":122,"column":6}},"18":{"start":{"line":7,"column":0},"end":{"line":7,"column":13}}},"fnMap":{"0":{"name":"(anonymous_1)","decl":{"start":{"line":10,"column":2},"end":{"line":10,"column":22}},"loc":{"start":{"line":10,"column":51},"end":{"line":12,"column":3}}},"1":{"name":"(anonymous_2)","decl":{"start":{"line":17,"column":2},"end":{"line":17,"column":7}},"loc":{"start":{"line":17,"column":33},"end":{"line":40,"column":3}}},"2":{"name":"(anonymous_3)","decl":{"start":{"line":45,"column":2},"end":{"line":45,"column":7}},"loc":{"start":{"line":45,"column":35},"end":{"line":62,"column":3}}},"3":{"name":"(anonymous_4)","decl":{"start":{"line":67,"column":2},"end":{"line":67,"column":7}},"loc":{"start":{"line":67,"column":35},"end":{"line":87,"column":3}}},"4":{"name":"(anonymous_5)","decl":{"start":{"line":92,"column":2},"end":{"line":92,"column":7}},"loc":{"start":{"line":92,"column":44},"end":{"line":99,"column":3}}},"5":{"name":"(anonymous_6)","decl":{"start":{"line":104,"column":2},"end":{"line":104,"column":7}},"loc":{"start":{"line":104,"column":43},"end":{"line":111,"column":3}}},"6":{"name":"(anonymous_7)","decl":{"start":{"line":116,"column":2},"end":{"line":116,"column":7}},"loc":{"start":{"line":116,"column":35},"end":{"line":123,"column":3}}}},"branchMap":{"0":{"loc":{"start":{"line":24,"column":19},"end":{"line":24,"column":52}},"type":"binary-expr","locations":[{"start":{"line":24,"column":19},"end":{"line":24,"column":39}},{"start":{"line":24,"column":43},"end":{"line":24,"column":52}}]},"1":{"loc":{"start":{"line":28,"column":16},"end":{"line":28,"column":55}},"type":"cond-expr","locations":[{"start":{"line":28,"column":34},"end":{"line":28,"column":43}},{"start":{"line":28,"column":46},"end":{"line":28,"column":55}}]},"2":{"loc":{"start":{"line":30,"column":17},"end":{"line":30,"column":71}},"type":"binary-expr","locations":[{"start":{"line":30,"column":17},"end":{"line":30,"column":33}},{"start":{"line":30,"column":37},"end":{"line":30,"column":71}}]},"3":{"loc":{"start":{"line":37,"column":17},"end":{"line":37,"column":57}},"type":"binary-expr","locations":[{"start":{"line":37,"column":17},"end":{"line":37,"column":28}},{"start":{"line":37,"column":32},"end":{"line":37,"column":57}}]},"4":{"loc":{"start":{"line":50,"column":16},"end":{"line":50,"column":74}},"type":"cond-expr","locations":[{"start":{"line":50,"column":53},"end":{"line":50,"column":62}},{"start":{"line":50,"column":65},"end":{"line":50,"column":74}}]},"5":{"loc":{"start":{"line":59,"column":17},"end":{"line":59,"column":62}},"type":"binary-expr","locations":[{"start":{"line":59,"column":17},"end":{"line":59,"column":28}},{"start":{"line":59,"column":32},"end":{"line":59,"column":62}}]},"6":{"loc":{"start":{"line":75,"column":16},"end":{"line":75,"column":55}},"type":"cond-expr","locations":[{"start":{"line":75,"column":34},"end":{"line":75,"column":43}},{"start":{"line":75,"column":46},"end":{"line":75,"column":55}}]},"7":{"loc":{"start":{"line":77,"column":17},"end":{"line":77,"column":64}},"type":"binary-expr","locations":[{"start":{"line":77,"column":17},"end":{"line":77,"column":33}},{"start":{"line":77,"column":37},"end":{"line":77,"column":64}}]},"8":{"loc":{"start":{"line":84,"column":17},"end":{"line":84,"column":56}},"type":"binary-expr","locations":[{"start":{"line":84,"column":17},"end":{"line":84,"column":28}},{"start":{"line":84,"column":32},"end":{"line":84,"column":56}}]}},"s":{"0":1,"1":1,"2":1,"3":1,"4":1,"5":1,"6":0,"7":1,"8":1,"9":1,"10":0,"11":1,"12":1,"13":1,"14":0,"15":1,"16":1,"17":1,"18":1},"f":{"0":1,"1":1,"2":1,"3":1,"4":1,"5":1,"6":1},"b":{"0":[1,1],"1":[1,0],"2":[1,0],"3":[0,0],"4":[1,0],"5":[0,0],"6":[1,0],"7":[1,0],"8":[0,0]}}
,"C:\\Users\\ACER\\Desktop\\np-payment-sdk\\src\\global-gateways\\razorpay.ts": {"path":"C:\\Users\\ACER\\Desktop\\np-payment-sdk\\src\\global-gateways\\razorpay.ts","statementMap":{"0":{"start":{"line":2,"column":0},"end":{"line":2,"column":32}},"1":{"start":{"line":10,"column":22},"end":{"line":10,"column":66}},"2":{"start":{"line":11,"column":4},"end":{"line":11,"column":89}},"3":{"start":{"line":18,"column":4},"end":{"line":39,"column":5}},"4":{"start":{"line":19,"column":20},"end":{"line":25,"column":8}},"5":{"start":{"line":26,"column":6},"end":{"line":31,"column":8}},"6":{"start":{"line":33,"column":6},"end":{"line":38,"column":8}},"7":{"start":{"line":46,"column":4},"end":{"line":61,"column":5}},"8":{"start":{"line":47,"column":22},"end":{"line":47,"column":78}},"9":{"start":{"line":48,"column":6},"end":{"line":53,"column":8}},"10":{"start":{"line":55,"column":6},"end":{"line":60,"column":8}},"11":{"start":{"line":68,"column":4},"end":{"line":85,"column":5}},"12":{"start":{"line":69,"column":21},"end":{"line":71,"column":8}},"13":{"start":{"line":72,"column":6},"end":{"line":77,"column":8}},"14":{"start":{"line":79,"column":6},"end":{"line":84,"column":8}},"15":{"start":{"line":92,"column":4},"end":{"line":112,"column":5}},"16":{"start":{"line":93,"column":27},"end":{"line":98,"column":8}},"17":{"start":{"line":99,"column":6},"end":{"line":104,"column":8}},"18":{"start":{"line":106,"column":6},"end":{"line":111,"column":8}},"19":{"start":{"line":119,"column":4},"end":{"line":142,"column":5}},"20":{"start":{"line":120,"column":22},"end":{"line":128,"column":8}},"21":{"start":{"line":129,"column":6},"end":{"line":134,"column":8}},"22":{"start":{"line":136,"column":6},"end":{"line":141,"column":8}},"23":{"start":{"line":149,"column":4},"end":{"line":154,"column":6}},"24":{"start":{"line":7,"column":0},"end":{"line":7,"column":13}}},"fnMap":{"0":{"name":"(anonymous_1)","decl":{"start":{"line":10,"column":2},"end":{"line":10,"column":22}},"loc":{"start":{"line":10,"column":66},"end":{"line":12,"column":3}}},"1":{"name":"(anonymous_2)","decl":{"start":{"line":17,"column":2},"end":{"line":17,"column":7}},"loc":{"start":{"line":17,"column":33},"end":{"line":40,"column":3}}},"2":{"name":"(anonymous_3)","decl":{"start":{"line":45,"column":2},"end":{"line":45,"column":7}},"loc":{"start":{"line":45,"column":35},"end":{"line":62,"column":3}}},"3":{"name":"(anonymous_4)","decl":{"start":{"line":67,"column":2},"end":{"line":67,"column":7}},"loc":{"start":{"line":67,"column":35},"end":{"line":86,"column":3}}},"4":{"name":"(anonymous_5)","decl":{"start":{"line":91,"column":2},"end":{"line":91,"column":7}},"loc":{"start":{"line":91,"column":44},"end":{"line":113,"column":3}}},"5":{"name":"(anonymous_6)","decl":{"start":{"line":118,"column":2},"end":{"line":118,"column":7}},"loc":{"start":{"line":118,"column":43},"end":{"line":143,"column":3}}},"6":{"name":"(anonymous_7)","decl":{"start":{"line":148,"column":2},"end":{"line":148,"column":7}},"loc":{"start":{"line":148,"column":35},"end":{"line":155,"column":3}}}},"branchMap":{"0":{"loc":{"start":{"line":22,"column":17},"end":{"line":22,"column":50}},"type":"binary-expr","locations":[{"start":{"line":22,"column":17},"end":{"line":22,"column":37}},{"start":{"line":22,"column":41},"end":{"line":22,"column":50}}]},"1":{"loc":{"start":{"line":24,"column":15},"end":{"line":24,"column":33}},"type":"binary-expr","locations":[{"start":{"line":24,"column":15},"end":{"line":24,"column":27}},{"start":{"line":24,"column":31},"end":{"line":24,"column":33}}]},"2":{"loc":{"start":{"line":37,"column":17},"end":{"line":37,"column":57}},"type":"binary-expr","locations":[{"start":{"line":37,"column":17},"end":{"line":37,"column":28}},{"start":{"line":37,"column":32},"end":{"line":37,"column":57}}]},"3":{"loc":{"start":{"line":50,"column":16},"end":{"line":50,"column":69}},"type":"cond-expr","locations":[{"start":{"line":50,"column":48},"end":{"line":50,"column":57}},{"start":{"line":50,"column":60},"end":{"line":50,"column":69}}]},"4":{"loc":{"start":{"line":59,"column":17},"end":{"line":59,"column":62}},"type":"binary-expr","locations":[{"start":{"line":59,"column":17},"end":{"line":59,"column":28}},{"start":{"line":59,"column":32},"end":{"line":59,"column":62}}]},"5":{"loc":{"start":{"line":83,"column":17},"end":{"line":83,"column":56}},"type":"binary-expr","locations":[{"start":{"line":83,"column":17},"end":{"line":83,"column":28}},{"start":{"line":83,"column":32},"end":{"line":83,"column":56}}]},"6":{"loc":{"start":{"line":96,"column":21},"end":{"line":96,"column":44}},"type":"binary-expr","locations":[{"start":{"line":96,"column":21},"end":{"line":96,"column":38}},{"start":{"line":96,"column":42},"end":{"line":96,"column":44}}]},"7":{"loc":{"start":{"line":97,"column":15},"end":{"line":97,"column":33}},"type":"binary-expr","locations":[{"start":{"line":97,"column":15},"end":{"line":97,"column":27}},{"start":{"line":97,"column":31},"end":{"line":97,"column":33}}]},"8":{"loc":{"start":{"line":101,"column":16},"end":{"line":101,"column":72}},"type":"cond-expr","locations":[{"start":{"line":101,"column":51},"end":{"line":101,"column":59}},{"start":{"line":101,"column":62},"end":{"line":101,"column":72}}]},"9":{"loc":{"start":{"line":110,"column":17},"end":{"line":110,"column":71}},"type":"binary-expr","locations":[{"start":{"line":110,"column":17},"end":{"line":110,"column":28}},{"start":{"line":110,"column":32},"end":{"line":110,"column":71}}]},"10":{"loc":{"start":{"line":126,"column":15},"end":{"line":126,"column":33}},"type":"binary-expr","locations":[{"start":{"line":126,"column":15},"end":{"line":126,"column":27}},{"start":{"line":126,"column":31},"end":{"line":126,"column":33}}]},"11":{"loc":{"start":{"line":127,"column":29},"end":{"line":127,"column":57}},"type":"binary-expr","locations":[{"start":{"line":127,"column":29},"end":{"line":127,"column":47}},{"start":{"line":127,"column":51},"end":{"line":127,"column":57}}]},"12":{"loc":{"start":{"line":140,"column":17},"end":{"line":140,"column":66}},"type":"binary-expr","locations":[{"start":{"line":140,"column":17},"end":{"line":140,"column":28}},{"start":{"line":140,"column":32},"end":{"line":140,"column":66}}]}},"s":{"0":1,"1":1,"2":1,"3":1,"4":1,"5":1,"6":0,"7":1,"8":1,"9":1,"10":0,"11":1,"12":1,"13":1,"14":0,"15":1,"16":1,"17":1,"18":0,"19":1,"20":1,"21":1,"22":0,"23":1,"24":1},"f":{"0":1,"1":1,"2":1,"3":1,"4":1,"5":1,"6":1},"b":{"0":[1,1],"1":[1,1],"2":[0,0],"3":[1,0],"4":[0,0],"5":[0,0],"6":[1,1],"7":[1,1],"8":[1,0],"9":[0,0],"10":[1,1],"11":[1,1],"12":[0,0]}}
,"C:\\Users\\ACER\\Desktop\\np-payment-sdk\\src\\global-gateways\\stripe.ts": {"path":"C:\\Users\\ACER\\Desktop\\np-payment-sdk\\src\\global-gateways\\stripe.ts","statementMap":{"0":{"start":{"line":2,"column":0},"end":{"line":2,"column":28}},"1":{"start":{"line":10,"column":22},"end":{"line":10,"column":48}},"2":{"start":{"line":11,"column":4},"end":{"line":11,"column":81}},"3":{"start":{"line":18,"column":4},"end":{"line":41,"column":5}},"4":{"start":{"line":19,"column":28},"end":{"line":27,"column":8}},"5":{"start":{"line":28,"column":6},"end":{"line":33,"column":8}},"6":{"start":{"line":35,"column":6},"end":{"line":40,"column":8}},"7":{"start":{"line":48,"column":4},"end":{"line":63,"column":5}},"8":{"start":{"line":49,"column":28},"end":{"line":49,"column":91}},"9":{"start":{"line":50,"column":6},"end":{"line":55,"column":8}},"10":{"start":{"line":57,"column":6},"end":{"line":62,"column":8}},"11":{"start":{"line":70,"column":4},"end":{"line":88,"column":5}},"12":{"start":{"line":71,"column":21},"end":{"line":74,"column":8}},"13":{"start":{"line":75,"column":6},"end":{"line":80,"column":8}},"14":{"start":{"line":82,"column":6},"end":{"line":87,"column":8}},"15":{"start":{"line":95,"column":4},"end":{"line":113,"column":5}},"16":{"start":{"line":96,"column":27},"end":{"line":99,"column":8}},"17":{"start":{"line":100,"column":6},"end":{"line":105,"column":8}},"18":{"start":{"line":107,"column":6},"end":{"line":112,"column":8}},"19":{"start":{"line":120,"column":4},"end":{"line":141,"column":5}},"20":{"start":{"line":121,"column":22},"end":{"line":127,"column":8}},"21":{"start":{"line":128,"column":6},"end":{"line":133,"column":8}},"22":{"start":{"line":135,"column":6},"end":{"line":140,"column":8}},"23":{"start":{"line":148,"column":4},"end":{"line":153,"column":6}},"24":{"start":{"line":7,"column":0},"end":{"line":7,"column":13}}},"fnMap":{"0":{"name":"(anonymous_1)","decl":{"start":{"line":10,"column":2},"end":{"line":10,"column":22}},"loc":{"start":{"line":10,"column":48},"end":{"line":12,"column":3}}},"1":{"name":"(anonymous_2)","decl":{"start":{"line":17,"column":2},"end":{"line":17,"column":7}},"loc":{"start":{"line":17,"column":33},"end":{"line":42,"column":3}}},"2":{"name":"(anonymous_3)","decl":{"start":{"line":47,"column":2},"end":{"line":47,"column":7}},"loc":{"start":{"line":47,"column":35},"end":{"line":64,"column":3}}},"3":{"name":"(anonymous_4)","decl":{"start":{"line":69,"column":2},"end":{"line":69,"column":7}},"loc":{"start":{"line":69,"column":35},"end":{"line":89,"column":3}}},"4":{"name":"(anonymous_5)","decl":{"start":{"line":94,"column":2},"end":{"line":94,"column":7}},"loc":{"start":{"line":94,"column":44},"end":{"line":114,"column":3}}},"5":{"name":"(anonymous_6)","decl":{"start":{"line":119,"column":2},"end":{"line":119,"column":7}},"loc":{"start":{"line":119,"column":43},"end":{"line":142,"column":3}}},"6":{"name":"(anonymous_7)","decl":{"start":{"line":147,"column":2},"end":{"line":147,"column":7}},"loc":{"start":{"line":147,"column":35},"end":{"line":154,"column":3}}}},"branchMap":{"0":{"loc":{"start":{"line":22,"column":18},"end":{"line":22,"column":39}},"type":"binary-expr","locations":[{"start":{"line":22,"column":18},"end":{"line":22,"column":33}},{"start":{"line":22,"column":37},"end":{"line":22,"column":39}}]},"1":{"loc":{"start":{"line":39,"column":17},"end":{"line":39,"column":55}},"type":"binary-expr","locations":[{"start":{"line":39,"column":17},"end":{"line":39,"column":28}},{"start":{"line":39,"column":32},"end":{"line":39,"column":55}}]},"2":{"loc":{"start":{"line":52,"column":16},"end":{"line":52,"column":76}},"type":"cond-expr","locations":[{"start":{"line":52,"column":55},"end":{"line":52,"column":64}},{"start":{"line":52,"column":67},"end":{"line":52,"column":76}}]},"3":{"loc":{"start":{"line":61,"column":17},"end":{"line":61,"column":60}},"type":"binary-expr","locations":[{"start":{"line":61,"column":17},"end":{"line":61,"column":28}},{"start":{"line":61,"column":32},"end":{"line":61,"column":60}}]},"4":{"loc":{"start":{"line":86,"column":17},"end":{"line":86,"column":54}},"type":"binary-expr","locations":[{"start":{"line":86,"column":17},"end":{"line":86,"column":28}},{"start":{"line":86,"column":32},"end":{"line":86,"column":54}}]},"5":{"loc":{"start":{"line":126,"column":18},"end":{"line":126,"column":39}},"type":"binary-expr","locations":[{"start":{"line":126,"column":18},"end":{"line":126,"column":33}},{"start":{"line":126,"column":37},"end":{"line":126,"column":39}}]}},"s":{"0":1,"1":1,"2":1,"3":1,"4":1,"5":1,"6":0,"7":1,"8":1,"9":1,"10":0,"11":1,"12":1,"13":1,"14":0,"15":1,"16":1,"17":1,"18":0,"19":1,"20":1,"21":1,"22":0,"23":1,"24":1},"f":{"0":1,"1":1,"2":1,"3":1,"4":1,"5":1,"6":1},"b":{"0":[1,1],"1":[0,0],"2":[1,0],"3":[0,0],"4":[0,0],"5":[1,1]}}
,"C:\\Users\\ACER\\Desktop\\np-payment-sdk\\src\\handlers\\webhook.ts": {"path":"C:\\Users\\ACER\\Desktop\\np-payment-sdk\\src\\handlers\\webhook.ts","statementMap":{"0":{"start":{"line":11,"column":0},"end":{"line":11,"column":16}},"1":{"start":{"line":2,"column":0},"end":{"line":2,"column":40}},"2":{"start":{"line":8,"column":2},"end":{"line":8,"column":14}},"3":{"start":{"line":12,"column":18},"end":{"line":12,"column":65}},"4":{"start":{"line":13,"column":2},"end":{"line":15,"column":3}},"5":{"start":{"line":14,"column":4},"end":{"line":14,"column":72}},"6":{"start":{"line":16,"column":2},"end":{"line":18,"column":3}},"7":{"start":{"line":17,"column":4},"end":{"line":17,"column":64}},"8":{"start":{"line":21,"column":2},"end":{"line":46,"column":3}},"9":{"start":{"line":22,"column":4},"end":{"line":40,"column":5}},"10":{"start":{"line":24,"column":8},"end":{"line":24,"column":25}},"11":{"start":{"line":25,"column":8},"end":{"line":25,"column":14}},"12":{"start":{"line":27,"column":8},"end":{"line":27,"column":25}},"13":{"start":{"line":28,"column":8},"end":{"line":28,"column":14}},"14":{"start":{"line":30,"column":8},"end":{"line":30,"column":25}},"15":{"start":{"line":31,"column":8},"end":{"line":31,"column":14}},"16":{"start":{"line":33,"column":8},"end":{"line":33,"column":25}},"17":{"start":{"line":34,"column":8},"end":{"line":34,"column":14}},"18":{"start":{"line":36,"column":8},"end":{"line":36,"column":25}},"19":{"start":{"line":37,"column":8},"end":{"line":37,"column":14}},"20":{"start":{"line":39,"column":8},"end":{"line":39,"column":88}},"21":{"start":{"line":42,"column":4},"end":{"line":42,"column":61}},"22":{"start":{"line":43,"column":4},"end":{"line":43,"column":52}},"23":{"start":{"line":45,"column":4},"end":{"line":45,"column":14}}},"fnMap":{"0":{"name":"verifySignature","decl":{"start":{"line":5,"column":9},"end":{"line":5,"column":24}},"loc":{"start":{"line":5,"column":54},"end":{"line":9,"column":1}}},"1":{"name":"paymentWebhookHandler","decl":{"start":{"line":11,"column":16},"end":{"line":11,"column":37}},"loc":{"start":{"line":11,"column":85},"end":{"line":47,"column":1}}}},"branchMap":{"0":{"loc":{"start":{"line":12,"column":18},"end":{"line":12,"column":65}},"type":"binary-expr","locations":[{"start":{"line":12,"column":18},"end":{"line":12,"column":45}},{"start":{"line":12,"column":49},"end":{"line":12,"column":65}}]},"1":{"loc":{"start":{"line":13,"column":2},"end":{"line":15,"column":3}},"type":"if","locations":[{"start":{"line":13,"column":2},"end":{"line":15,"column":3}}]},"2":{"loc":{"start":{"line":16,"column":2},"end":{"line":18,"column":3}},"type":"if","locations":[{"start":{"line":16,"column":2},"end":{"line":18,"column":3}}]},"3":{"loc":{"start":{"line":22,"column":4},"end":{"line":40,"column":5}},"type":"switch","locations":[{"start":{"line":23,"column":6},"end":{"line":25,"column":14}},{"start":{"line":26,"column":6},"end":{"line":28,"column":14}},{"start":{"line":29,"column":6},"end":{"line":31,"column":14}},{"start":{"line":32,"column":6},"end":{"line":34,"column":14}},{"start":{"line":35,"column":6},"end":{"line":37,"column":14}},{"start":{"line":38,"column":6},"end":{"line":39,"column":88}}]}},"s":{"0":1,"1":1,"2":1,"3":1,"4":1,"5":0,"6":1,"7":0,"8":1,"9":1,"10":1,"11":1,"12":0,"13":0,"14":0,"15":0,"16":0,"17":0,"18":0,"19":0,"20":0,"21":1,"22":1,"23":0},"f":{"0":1,"1":1},"b":{"0":[1,0],"1":[0],"2":[0],"3":[1,0,0,0,0,0]}}
,"C:\\Users\\ACER\\Desktop\\np-payment-sdk\\src\\types\\index.ts": {"path":"C:\\Users\\ACER\\Desktop\\np-payment-sdk\\src\\types\\index.ts","statementMap":{"0":{"start":{"line":1,"column":0},"end":{"line":1,"column":26}},"1":{"start":{"line":4,"column":0},"end":{"line":4,"column":9}},"2":{"start":{"line":4,"column":9},"end":{"line":4,"column":40}}},"fnMap":{"0":{"name":"(anonymous_4)","decl":{"start":{"line":4,"column":9},"end":{"line":4,"column":21}},"loc":{"start":{"line":4,"column":9},"end":{"line":4,"column":40}}}},"branchMap":{},"s":{"0":2,"1":2,"2":12},"f":{"0":10},"b":{}}
,"C:\\Users\\ACER\\Desktop\\np-payment-sdk\\src\\types\\legacy.ts": {"path":"C:\\Users\\ACER\\Desktop\\np-payment-sdk\\src\\types\\legacy.ts","statementMap":{"0":{"start":{"line":3,"column":4},"end":{"line":3,"column":19}},"1":{"start":{"line":2,"column":38},"end":{"line":2,"column":51}},"2":{"start":{"line":4,"column":4},"end":{"line":4,"column":31}},"3":{"start":{"line":1,"column":0},"end":{"line":1,"column":13}}},"fnMap":{"0":{"name":"(anonymous_0)","decl":{"start":{"line":2,"column":2},"end":{"line":2,"column":14}},"loc":{"start":{"line":2,"column":51},"end":{"line":5,"column":3}}}},"branchMap":{},"s":{"0":5,"1":5,"2":5,"3":2},"f":{"0":5},"b":{}}
,"C:\\Users\\ACER\\Desktop\\np-payment-sdk\\src\\utils\\eventBus.ts": {"path":"C:\\Users\\ACER\\Desktop\\np-payment-sdk\\src\\utils\\eventBus.ts","statementMap":{"0":{"start":{"line":7,"column":10},"end":{"line":7,"column":62}},"1":{"start":{"line":13,"column":4},"end":{"line":13,"column":59}},"2":{"start":{"line":13,"column":32},"end":{"line":13,"column":59}},"3":{"start":{"line":14,"column":4},"end":{"line":14,"column":40}},"4":{"start":{"line":21,"column":4},"end":{"line":21,"column":39}},"5":{"start":{"line":21,"column":32},"end":{"line":21,"column":39}},"6":{"start":{"line":22,"column":4},"end":{"line":22,"column":77}},"7":{"start":{"line":22,"column":62},"end":{"line":22,"column":75}},"8":{"start":{"line":29,"column":4},"end":{"line":29,"column":39}},"9":{"start":{"line":29,"column":32},"end":{"line":29,"column":39}},"10":{"start":{"line":30,"column":4},"end":{"line":32,"column":5}},"11":{"start":{"line":31,"column":6},"end":{"line":31,"column":23}},"12":{"start":{"line":6,"column":0},"end":{"line":6,"column":13}},"13":{"start":{"line":36,"column":13},"end":{"line":36,"column":39}}},"fnMap":{"0":{"name":"(anonymous_0)","decl":{"start":{"line":6,"column":0},"end":{"line":6,"column":13}},"loc":{"start":{"line":6,"column":0},"end":{"line":34,"column":1}}},"1":{"name":"(anonymous_1)","decl":{"start":{"line":12,"column":2},"end":{"line":12,"column":4}},"loc":{"start":{"line":12,"column":41},"end":{"line":15,"column":3}}},"2":{"name":"(anonymous_2)","decl":{"start":{"line":20,"column":2},"end":{"line":20,"column":5}},"loc":{"start":{"line":20,"column":42},"end":{"line":23,"column":3}}},"3":{"name":"(anonymous_3)","decl":{"start":{"line":22,"column":57},"end":{"line":22,"column":58}},"loc":{"start":{"line":22,"column":62},"end":{"line":22,"column":75}}},"4":{"name":"(anonymous_4)","decl":{"start":{"line":28,"column":2},"end":{"line":28,"column":6}},"loc":{"start":{"line":28,"column":36},"end":{"line":33,"column":3}}}},"branchMap":{"0":{"loc":{"start":{"line":13,"column":4},"end":{"line":13,"column":59}},"type":"if","locations":[{"start":{"line":13,"column":4},"end":{"line":13,"column":59}}]},"1":{"loc":{"start":{"line":21,"column":4},"end":{"line":21,"column":39}},"type":"if","locations":[{"start":{"line":21,"column":4},"end":{"line":21,"column":39}}]},"2":{"loc":{"start":{"line":29,"column":4},"end":{"line":29,"column":39}},"type":"if","locations":[{"start":{"line":29,"column":4},"end":{"line":29,"column":39}}]}},"s":{"0":2,"1":6,"2":6,"3":6,"4":0,"5":0,"6":0,"7":0,"8":15,"9":9,"10":6,"11":6,"12":2,"13":2},"f":{"0":2,"1":6,"2":0,"3":0,"4":15},"b":{"0":[6],"1":[0],"2":[9]}}
,"C:\\Users\\ACER\\Desktop\\np-payment-sdk\\src\\utils\\transactionStore.ts": {"path":"C:\\Users\\ACER\\Desktop\\np-payment-sdk\\src\\utils\\transactionStore.ts","statementMap":{"0":{"start":{"line":11,"column":0},"end":{"line":11,"column":16}},"1":{"start":{"line":15,"column":0},"end":{"line":15,"column":16}},"2":{"start":{"line":23,"column":0},"end":{"line":23,"column":16}},"3":{"start":{"line":27,"column":0},"end":{"line":27,"column":16}},"4":{"start":{"line":9,"column":42},"end":{"line":9,"column":44}},"5":{"start":{"line":12,"column":2},"end":{"line":12,"column":28}},"6":{"start":{"line":16,"column":13},"end":{"line":16,"column":70}},"7":{"start":{"line":16,"column":36},"end":{"line":16,"column":69}},"8":{"start":{"line":17,"column":2},"end":{"line":20,"column":3}},"9":{"start":{"line":18,"column":4},"end":{"line":18,"column":31}},"10":{"start":{"line":19,"column":4},"end":{"line":19,"column":30}},"11":{"start":{"line":24,"column":2},"end":{"line":24,"column":67}},"12":{"start":{"line":24,"column":32},"end":{"line":24,"column":65}},"13":{"start":{"line":28,"column":2},"end":{"line":28,"column":22}}},"fnMap":{"0":{"name":"addTransaction","decl":{"start":{"line":11,"column":16},"end":{"line":11,"column":30}},"loc":{"start":{"line":11,"column":56},"end":{"line":13,"column":1}}},"1":{"name":"updateTransaction","decl":{"start":{"line":15,"column":16},"end":{"line":15,"column":33}},"loc":{"start":{"line":15,"column":92},"end":{"line":21,"column":1}}},"2":{"name":"(anonymous_2)","decl":{"start":{"line":16,"column":31},"end":{"line":16,"column":32}},"loc":{"start":{"line":16,"column":36},"end":{"line":16,"column":69}}},"3":{"name":"getTransaction","decl":{"start":{"line":23,"column":16},"end":{"line":23,"column":30}},"loc":{"start":{"line":23,"column":52},"end":{"line":25,"column":1}}},"4":{"name":"(anonymous_4)","decl":{"start":{"line":24,"column":27},"end":{"line":24,"column":28}},"loc":{"start":{"line":24,"column":32},"end":{"line":24,"column":65}}},"5":{"name":"listTransactions","decl":{"start":{"line":27,"column":16},"end":{"line":27,"column":32}},"loc":{"start":{"line":27,"column":32},"end":{"line":29,"column":1}}}},"branchMap":{"0":{"loc":{"start":{"line":17,"column":2},"end":{"line":20,"column":3}},"type":"if","locations":[{"start":{"line":17,"column":2},"end":{"line":20,"column":3}}]}},"s":{"0":2,"1":2,"2":2,"3":2,"4":2,"5":2,"6":2,"7":2,"8":2,"9":2,"10":2,"11":4,"12":4,"13":2},"f":{"0":2,"1":2,"2":2,"3":4,"4":4,"5":2},"b":{"0":[2]}}
}
