{"C:\\Users\\ACER\\Desktop\\np-payment-sdk\\src\\gateways\\connectips.ts": {"path":"C:\\Users\\ACER\\Desktop\\np-payment-sdk\\src\\gateways\\connectips.ts","statementMap":{"0":{"start":{"line":12,"column":22},"end":{"line":12,"column":46}},"1":{"start":{"line":13,"column":4},"end":{"line":13,"column":66}},"2":{"start":{"line":18,"column":4},"end":{"line":18,"column":101}},"3":{"start":{"line":23,"column":4},"end":{"line":23,"column":100}},"4":{"start":{"line":28,"column":4},"end":{"line":28,"column":100}},"5":{"start":{"line":9,"column":0},"end":{"line":9,"column":13}}},"fnMap":{"0":{"name":"(anonymous_0)","decl":{"start":{"line":12,"column":2},"end":{"line":12,"column":22}},"loc":{"start":{"line":12,"column":46},"end":{"line":14,"column":3}}},"1":{"name":"(anonymous_1)","decl":{"start":{"line":16,"column":2},"end":{"line":16,"column":7}},"loc":{"start":{"line":16,"column":33},"end":{"line":19,"column":3}}},"2":{"name":"(anonymous_2)","decl":{"start":{"line":21,"column":2},"end":{"line":21,"column":7}},"loc":{"start":{"line":21,"column":65},"end":{"line":24,"column":3}}},"3":{"name":"(anonymous_3)","decl":{"start":{"line":26,"column":2},"end":{"line":26,"column":7}},"loc":{"start":{"line":26,"column":65},"end":{"line":29,"column":3}}}},"branchMap":{"0":{"loc":{"start":{"line":13,"column":19},"end":{"line":13,"column":65}},"type":"binary-expr","locations":[{"start":{"line":13,"column":19},"end":{"line":13,"column":33}},{"start":{"line":13,"column":37},"end":{"line":13,"column":65}}]}},"s":{"0":0,"1":0,"2":0,"3":0,"4":0,"5":2},"f":{"0":0,"1":0,"2":0,"3":0},"b":{"0":[0,0]}}
,"C:\\Users\\ACER\\Desktop\\np-payment-sdk\\src\\gateways\\esewa.ts": {"path":"C:\\Users\\ACER\\Desktop\\np-payment-sdk\\src\\gateways\\esewa.ts","statementMap":{"0":{"start":{"line":1,"column":0},"end":{"line":1,"column":70}},"1":{"start":{"line":12,"column":22},"end":{"line":12,"column":41}},"2":{"start":{"line":13,"column":4},"end":{"line":13,"column":64}},"3":{"start":{"line":17,"column":4},"end":{"line":44,"column":5}},"4":{"start":{"line":19,"column":22},"end":{"line":29,"column":8}},"5":{"start":{"line":33,"column":6},"end":{"line":38,"column":8}},"6":{"start":{"line":40,"column":6},"end":{"line":42,"column":7}},"7":{"start":{"line":41,"column":8},"end":{"line":41,"column":93}},"8":{"start":{"line":43,"column":6},"end":{"line":43,"column":76}},"9":{"start":{"line":48,"column":4},"end":{"line":62,"column":5}},"10":{"start":{"line":51,"column":6},"end":{"line":56,"column":8}},"11":{"start":{"line":58,"column":6},"end":{"line":60,"column":7}},"12":{"start":{"line":59,"column":8},"end":{"line":59,"column":97}},"13":{"start":{"line":61,"column":6},"end":{"line":61,"column":80}},"14":{"start":{"line":66,"column":4},"end":{"line":80,"column":5}},"15":{"start":{"line":69,"column":6},"end":{"line":74,"column":8}},"16":{"start":{"line":76,"column":6},"end":{"line":78,"column":7}},"17":{"start":{"line":77,"column":8},"end":{"line":77,"column":91}},"18":{"start":{"line":79,"column":6},"end":{"line":79,"column":74}},"19":{"start":{"line":9,"column":0},"end":{"line":9,"column":13}}},"fnMap":{"0":{"name":"(anonymous_0)","decl":{"start":{"line":12,"column":2},"end":{"line":12,"column":22}},"loc":{"start":{"line":12,"column":41},"end":{"line":14,"column":3}}},"1":{"name":"(anonymous_1)","decl":{"start":{"line":16,"column":2},"end":{"line":16,"column":7}},"loc":{"start":{"line":16,"column":33},"end":{"line":45,"column":3}}},"2":{"name":"(anonymous_2)","decl":{"start":{"line":47,"column":2},"end":{"line":47,"column":7}},"loc":{"start":{"line":47,"column":65},"end":{"line":63,"column":3}}},"3":{"name":"(anonymous_3)","decl":{"start":{"line":65,"column":2},"end":{"line":65,"column":7}},"loc":{"start":{"line":65,"column":65},"end":{"line":81,"column":3}}}},"branchMap":{"0":{"loc":{"start":{"line":13,"column":19},"end":{"line":13,"column":63}},"type":"binary-expr","locations":[{"start":{"line":13,"column":19},"end":{"line":13,"column":33}},{"start":{"line":13,"column":37},"end":{"line":13,"column":63}}]},"1":{"loc":{"start":{"line":25,"column":13},"end":{"line":25,"column":46}},"type":"binary-expr","locations":[{"start":{"line":25,"column":13},"end":{"line":25,"column":33}},{"start":{"line":25,"column":37},"end":{"line":25,"column":46}}]},"2":{"loc":{"start":{"line":28,"column":12},"end":{"line":28,"column":46}},"type":"binary-expr","locations":[{"start":{"line":28,"column":12},"end":{"line":28,"column":26}},{"start":{"line":28,"column":30},"end":{"line":28,"column":46}}]},"3":{"loc":{"start":{"line":40,"column":6},"end":{"line":42,"column":7}},"type":"if","locations":[{"start":{"line":40,"column":6},"end":{"line":42,"column":7}}]},"4":{"loc":{"start":{"line":41,"column":31},"end":{"line":41,"column":68}},"type":"binary-expr","locations":[{"start":{"line":41,"column":31},"end":{"line":41,"column":42}},{"start":{"line":41,"column":46},"end":{"line":41,"column":68}}]},"5":{"loc":{"start":{"line":58,"column":6},"end":{"line":60,"column":7}},"type":"if","locations":[{"start":{"line":58,"column":6},"end":{"line":60,"column":7}}]},"6":{"loc":{"start":{"line":59,"column":31},"end":{"line":59,"column":73}},"type":"binary-expr","locations":[{"start":{"line":59,"column":31},"end":{"line":59,"column":42}},{"start":{"line":59,"column":46},"end":{"line":59,"column":73}}]},"7":{"loc":{"start":{"line":76,"column":6},"end":{"line":78,"column":7}},"type":"if","locations":[{"start":{"line":76,"column":6},"end":{"line":78,"column":7}}]},"8":{"loc":{"start":{"line":77,"column":31},"end":{"line":77,"column":67}},"type":"binary-expr","locations":[{"start":{"line":77,"column":31},"end":{"line":77,"column":42}},{"start":{"line":77,"column":46},"end":{"line":77,"column":67}}]}},"s":{"0":2,"1":10,"2":10,"3":1,"4":1,"5":1,"6":0,"7":0,"8":0,"9":1,"10":1,"11":0,"12":0,"13":0,"14":1,"15":1,"16":0,"17":0,"18":0,"19":2},"f":{"0":10,"1":1,"2":1,"3":1},"b":{"0":[10,10],"1":[1,1],"2":[1,1],"3":[0],"4":[0,0],"5":[0],"6":[0,0],"7":[0],"8":[0,0]}}
,"C:\\Users\\ACER\\Desktop\\np-payment-sdk\\src\\gateways\\imepay.ts": {"path":"C:\\Users\\ACER\\Desktop\\np-payment-sdk\\src\\gateways\\imepay.ts","statementMap":{"0":{"start":{"line":12,"column":22},"end":{"line":12,"column":42}},"1":{"start":{"line":13,"column":4},"end":{"line":13,"column":69}},"2":{"start":{"line":18,"column":4},"end":{"line":18,"column":97}},"3":{"start":{"line":23,"column":4},"end":{"line":23,"column":96}},"4":{"start":{"line":28,"column":4},"end":{"line":28,"column":96}},"5":{"start":{"line":9,"column":0},"end":{"line":9,"column":13}}},"fnMap":{"0":{"name":"(anonymous_0)","decl":{"start":{"line":12,"column":2},"end":{"line":12,"column":22}},"loc":{"start":{"line":12,"column":42},"end":{"line":14,"column":3}}},"1":{"name":"(anonymous_1)","decl":{"start":{"line":16,"column":2},"end":{"line":16,"column":7}},"loc":{"start":{"line":16,"column":33},"end":{"line":19,"column":3}}},"2":{"name":"(anonymous_2)","decl":{"start":{"line":21,"column":2},"end":{"line":21,"column":7}},"loc":{"start":{"line":21,"column":65},"end":{"line":24,"column":3}}},"3":{"name":"(anonymous_3)","decl":{"start":{"line":26,"column":2},"end":{"line":26,"column":7}},"loc":{"start":{"line":26,"column":65},"end":{"line":29,"column":3}}}},"branchMap":{"0":{"loc":{"start":{"line":13,"column":19},"end":{"line":13,"column":68}},"type":"binary-expr","locations":[{"start":{"line":13,"column":19},"end":{"line":13,"column":33}},{"start":{"line":13,"column":37},"end":{"line":13,"column":68}}]}},"s":{"0":0,"1":0,"2":0,"3":0,"4":0,"5":2},"f":{"0":0,"1":0,"2":0,"3":0},"b":{"0":[0,0]}}
,"C:\\Users\\ACER\\Desktop\\np-payment-sdk\\src\\gateways\\khalti.ts": {"path":"C:\\Users\\ACER\\Desktop\\np-payment-sdk\\src\\gateways\\khalti.ts","statementMap":{"0":{"start":{"line":1,"column":0},"end":{"line":1,"column":26}},"1":{"start":{"line":2,"column":0},"end":{"line":2,"column":70}},"2":{"start":{"line":13,"column":22},"end":{"line":13,"column":42}},"3":{"start":{"line":14,"column":4},"end":{"line":14,"column":65}},"4":{"start":{"line":18,"column":4},"end":{"line":52,"column":5}},"5":{"start":{"line":19,"column":22},"end":{"line":26,"column":8}},"6":{"start":{"line":27,"column":23},"end":{"line":35,"column":null}},"7":{"start":{"line":37,"column":6},"end":{"line":42,"column":8}},"8":{"start":{"line":44,"column":6},"end":{"line":47,"column":7}},"9":{"start":{"line":46,"column":8},"end":{"line":46,"column":134}},"10":{"start":{"line":48,"column":6},"end":{"line":50,"column":7}},"11":{"start":{"line":49,"column":8},"end":{"line":49,"column":95}},"12":{"start":{"line":51,"column":6},"end":{"line":51,"column":78}},"13":{"start":{"line":56,"column":4},"end":{"line":84,"column":5}},"14":{"start":{"line":57,"column":23},"end":{"line":67,"column":null}},"15":{"start":{"line":69,"column":6},"end":{"line":74,"column":8}},"16":{"start":{"line":76,"column":6},"end":{"line":79,"column":7}},"17":{"start":{"line":78,"column":8},"end":{"line":78,"column":138}},"18":{"start":{"line":80,"column":6},"end":{"line":82,"column":7}},"19":{"start":{"line":81,"column":8},"end":{"line":81,"column":99}},"20":{"start":{"line":83,"column":6},"end":{"line":83,"column":82}},"21":{"start":{"line":89,"column":4},"end":{"line":89,"column":105}},"22":{"start":{"line":10,"column":0},"end":{"line":10,"column":13}}},"fnMap":{"0":{"name":"(anonymous_1)","decl":{"start":{"line":13,"column":2},"end":{"line":13,"column":22}},"loc":{"start":{"line":13,"column":42},"end":{"line":15,"column":3}}},"1":{"name":"(anonymous_2)","decl":{"start":{"line":17,"column":2},"end":{"line":17,"column":7}},"loc":{"start":{"line":17,"column":33},"end":{"line":53,"column":3}}},"2":{"name":"(anonymous_3)","decl":{"start":{"line":55,"column":2},"end":{"line":55,"column":7}},"loc":{"start":{"line":55,"column":64},"end":{"line":85,"column":3}}},"3":{"name":"(anonymous_4)","decl":{"start":{"line":87,"column":2},"end":{"line":87,"column":7}},"loc":{"start":{"line":87,"column":14},"end":{"line":90,"column":3}}}},"branchMap":{"0":{"loc":{"start":{"line":14,"column":19},"end":{"line":14,"column":64}},"type":"binary-expr","locations":[{"start":{"line":14,"column":19},"end":{"line":14,"column":33}},{"start":{"line":14,"column":37},"end":{"line":14,"column":64}}]},"1":{"loc":{"start":{"line":21,"column":21},"end":{"line":21,"column":58}},"type":"binary-expr","locations":[{"start":{"line":21,"column":21},"end":{"line":21,"column":38}},{"start":{"line":21,"column":42},"end":{"line":21,"column":58}}]},"2":{"loc":{"start":{"line":24,"column":29},"end":{"line":24,"column":64}},"type":"binary-expr","locations":[{"start":{"line":24,"column":29},"end":{"line":24,"column":53}},{"start":{"line":24,"column":57},"end":{"line":24,"column":64}}]},"3":{"loc":{"start":{"line":25,"column":23},"end":{"line":25,"column":48}},"type":"binary-expr","locations":[{"start":{"line":25,"column":23},"end":{"line":25,"column":42}},{"start":{"line":25,"column":46},"end":{"line":25,"column":48}}]},"4":{"loc":{"start":{"line":44,"column":6},"end":{"line":47,"column":7}},"type":"if","locations":[{"start":{"line":44,"column":6},"end":{"line":47,"column":7}}]},"5":{"loc":{"start":{"line":44,"column":10},"end":{"line":44,"column":234}},"type":"binary-expr","locations":[{"start":{"line":44,"column":10},"end":{"line":44,"column":13}},{"start":{"line":44,"column":17},"end":{"line":44,"column":40}},{"start":{"line":44,"column":44},"end":{"line":44,"column":61}},{"start":{"line":44,"column":65},"end":{"line":44,"column":77}},{"start":{"line":44,"column":81},"end":{"line":44,"column":113}},{"start":{"line":44,"column":117},"end":{"line":44,"column":139}},{"start":{"line":44,"column":143},"end":{"line":44,"column":160}},{"start":{"line":44,"column":164},"end":{"line":44,"column":201}},{"start":{"line":44,"column":205},"end":{"line":44,"column":234}}]},"6":{"loc":{"start":{"line":46,"column":31},"end":{"line":46,"column":108}},"type":"binary-expr","locations":[{"start":{"line":46,"column":31},"end":{"line":46,"column":55}},{"start":{"line":46,"column":60},"end":{"line":46,"column":81}},{"start":{"line":46,"column":85},"end":{"line":46,"column":108}}]},"7":{"loc":{"start":{"line":48,"column":6},"end":{"line":50,"column":7}},"type":"if","locations":[{"start":{"line":48,"column":6},"end":{"line":50,"column":7}}]},"8":{"loc":{"start":{"line":49,"column":31},"end":{"line":49,"column":69}},"type":"binary-expr","locations":[{"start":{"line":49,"column":31},"end":{"line":49,"column":42}},{"start":{"line":49,"column":46},"end":{"line":49,"column":69}}]},"9":{"loc":{"start":{"line":71,"column":16},"end":{"line":71,"column":76}},"type":"cond-expr","locations":[{"start":{"line":71,"column":55},"end":{"line":71,"column":64}},{"start":{"line":71,"column":67},"end":{"line":71,"column":76}}]},"10":{"loc":{"start":{"line":76,"column":6},"end":{"line":79,"column":7}},"type":"if","locations":[{"start":{"line":76,"column":6},"end":{"line":79,"column":7}}]},"11":{"loc":{"start":{"line":76,"column":10},"end":{"line":76,"column":234}},"type":"binary-expr","locations":[{"start":{"line":76,"column":10},"end":{"line":76,"column":13}},{"start":{"line":76,"column":17},"end":{"line":76,"column":40}},{"start":{"line":76,"column":44},"end":{"line":76,"column":61}},{"start":{"line":76,"column":65},"end":{"line":76,"column":77}},{"start":{"line":76,"column":81},"end":{"line":76,"column":113}},{"start":{"line":76,"column":117},"end":{"line":76,"column":139}},{"start":{"line":76,"column":143},"end":{"line":76,"column":160}},{"start":{"line":76,"column":164},"end":{"line":76,"column":201}},{"start":{"line":76,"column":205},"end":{"line":76,"column":234}}]},"12":{"loc":{"start":{"line":78,"column":31},"end":{"line":78,"column":113}},"type":"binary-expr","locations":[{"start":{"line":78,"column":31},"end":{"line":78,"column":55}},{"start":{"line":78,"column":60},"end":{"line":78,"column":81}},{"start":{"line":78,"column":85},"end":{"line":78,"column":113}}]},"13":{"loc":{"start":{"line":80,"column":6},"end":{"line":82,"column":7}},"type":"if","locations":[{"start":{"line":80,"column":6},"end":{"line":82,"column":7}}]},"14":{"loc":{"start":{"line":81,"column":31},"end":{"line":81,"column":74}},"type":"binary-expr","locations":[{"start":{"line":81,"column":31},"end":{"line":81,"column":42}},{"start":{"line":81,"column":46},"end":{"line":81,"column":74}}]}},"s":{"0":2,"1":2,"2":0,"3":0,"4":0,"5":0,"6":0,"7":0,"8":0,"9":0,"10":0,"11":0,"12":0,"13":0,"14":0,"15":0,"16":0,"17":0,"18":0,"19":0,"20":0,"21":0,"22":2},"f":{"0":0,"1":0,"2":0,"3":0},"b":{"0":[0,0],"1":[0,0],"2":[0,0],"3":[0,0],"4":[0],"5":[0,0,0,0,0,0,0,0,0],"6":[0,0,0],"7":[0],"8":[0,0],"9":[0,0],"10":[0],"11":[0,0,0,0,0,0,0,0,0],"12":[0,0,0],"13":[0],"14":[0,0]}}
,"C:\\Users\\ACER\\Desktop\\np-payment-sdk\\src\\gateways\\mobilebanking.ts": {"path":"C:\\Users\\ACER\\Desktop\\np-payment-sdk\\src\\gateways\\mobilebanking.ts","statementMap":{"0":{"start":{"line":12,"column":22},"end":{"line":12,"column":49}},"1":{"start":{"line":13,"column":4},"end":{"line":13,"column":72}},"2":{"start":{"line":18,"column":4},"end":{"line":18,"column":104}},"3":{"start":{"line":23,"column":4},"end":{"line":23,"column":103}},"4":{"start":{"line":28,"column":4},"end":{"line":28,"column":103}},"5":{"start":{"line":9,"column":0},"end":{"line":9,"column":13}}},"fnMap":{"0":{"name":"(anonymous_0)","decl":{"start":{"line":12,"column":2},"end":{"line":12,"column":22}},"loc":{"start":{"line":12,"column":49},"end":{"line":14,"column":3}}},"1":{"name":"(anonymous_1)","decl":{"start":{"line":16,"column":2},"end":{"line":16,"column":7}},"loc":{"start":{"line":16,"column":33},"end":{"line":19,"column":3}}},"2":{"name":"(anonymous_2)","decl":{"start":{"line":21,"column":2},"end":{"line":21,"column":7}},"loc":{"start":{"line":21,"column":65},"end":{"line":24,"column":3}}},"3":{"name":"(anonymous_3)","decl":{"start":{"line":26,"column":2},"end":{"line":26,"column":7}},"loc":{"start":{"line":26,"column":65},"end":{"line":29,"column":3}}}},"branchMap":{"0":{"loc":{"start":{"line":13,"column":19},"end":{"line":13,"column":71}},"type":"binary-expr","locations":[{"start":{"line":13,"column":19},"end":{"line":13,"column":33}},{"start":{"line":13,"column":37},"end":{"line":13,"column":71}}]}},"s":{"0":0,"1":0,"2":0,"3":0,"4":0,"5":2},"f":{"0":0,"1":0,"2":0,"3":0},"b":{"0":[0,0]}}
,"C:\\Users\\ACER\\Desktop\\np-payment-sdk\\src\\global-gateways\\cashfree.ts": {"path":"C:\\Users\\ACER\\Desktop\\np-payment-sdk\\src\\global-gateways\\cashfree.ts","statementMap":{"0":{"start":{"line":2,"column":0},"end":{"line":2,"column":39}},"1":{"start":{"line":3,"column":0},"end":{"line":3,"column":63}},"2":{"start":{"line":11,"column":22},"end":{"line":11,"column":101}},"3":{"start":{"line":12,"column":31},"end":{"line":12,"column":74}},"4":{"start":{"line":14,"column":4},"end":{"line":14,"column":76}},"5":{"start":{"line":21,"column":4},"end":{"line":52,"column":5}},"6":{"start":{"line":22,"column":20},"end":{"line":30,"column":8}},"7":{"start":{"line":31,"column":6},"end":{"line":36,"column":8}},"8":{"start":{"line":38,"column":6},"end":{"line":45,"column":7}},"9":{"start":{"line":39,"column":8},"end":{"line":44,"column":10}},"10":{"start":{"line":46,"column":6},"end":{"line":51,"column":8}},"11":{"start":{"line":59,"column":4},"end":{"line":82,"column":5}},"12":{"start":{"line":60,"column":20},"end":{"line":60,"column":74}},"13":{"start":{"line":61,"column":6},"end":{"line":66,"column":8}},"14":{"start":{"line":68,"column":6},"end":{"line":75,"column":7}},"15":{"start":{"line":69,"column":8},"end":{"line":74,"column":10}},"16":{"start":{"line":76,"column":6},"end":{"line":81,"column":8}},"17":{"start":{"line":89,"column":4},"end":{"line":112,"column":5}},"18":{"start":{"line":90,"column":21},"end":{"line":90,"column":233}},"19":{"start":{"line":91,"column":6},"end":{"line":96,"column":8}},"20":{"start":{"line":98,"column":6},"end":{"line":105,"column":7}},"21":{"start":{"line":99,"column":8},"end":{"line":104,"column":10}},"22":{"start":{"line":106,"column":6},"end":{"line":111,"column":8}},"23":{"start":{"line":120,"column":4},"end":{"line":125,"column":6}},"24":{"start":{"line":133,"column":4},"end":{"line":138,"column":6}},"25":{"start":{"line":146,"column":4},"end":{"line":151,"column":6}},"26":{"start":{"line":8,"column":0},"end":{"line":8,"column":13}}},"fnMap":{"0":{"name":"(anonymous_0)","decl":{"start":{"line":11,"column":2},"end":{"line":11,"column":22}},"loc":{"start":{"line":11,"column":101},"end":{"line":15,"column":3}}},"1":{"name":"(anonymous_1)","decl":{"start":{"line":20,"column":2},"end":{"line":20,"column":7}},"loc":{"start":{"line":20,"column":33},"end":{"line":53,"column":3}}},"2":{"name":"(anonymous_2)","decl":{"start":{"line":58,"column":2},"end":{"line":58,"column":7}},"loc":{"start":{"line":58,"column":35},"end":{"line":83,"column":3}}},"3":{"name":"(anonymous_3)","decl":{"start":{"line":88,"column":2},"end":{"line":88,"column":7}},"loc":{"start":{"line":88,"column":35},"end":{"line":113,"column":3}}},"4":{"name":"(anonymous_4)","decl":{"start":{"line":119,"column":2},"end":{"line":119,"column":7}},"loc":{"start":{"line":119,"column":51},"end":{"line":126,"column":3}}},"5":{"name":"(anonymous_5)","decl":{"start":{"line":132,"column":2},"end":{"line":132,"column":7}},"loc":{"start":{"line":132,"column":55},"end":{"line":139,"column":3}}},"6":{"name":"(anonymous_6)","decl":{"start":{"line":145,"column":2},"end":{"line":145,"column":7}},"loc":{"start":{"line":145,"column":48},"end":{"line":152,"column":3}}}},"branchMap":{"0":{"loc":{"start":{"line":12,"column":31},"end":{"line":12,"column":74}},"type":"cond-expr","locations":[{"start":{"line":12,"column":49},"end":{"line":12,"column":53}},{"start":{"line":12,"column":53},"end":{"line":12,"column":74}}]},"1":{"loc":{"start":{"line":12,"column":31},"end":{"line":12,"column":53}},"type":"binary-expr","locations":[{"start":{"line":12,"column":31},"end":{"line":12,"column":53}},{"start":{"line":12,"column":49},"end":{"line":12,"column":53}}]},"2":{"loc":{"start":{"line":38,"column":6},"end":{"line":45,"column":7}},"type":"if","locations":[{"start":{"line":38,"column":6},"end":{"line":45,"column":7}}]},"3":{"loc":{"start":{"line":43,"column":19},"end":{"line":43,"column":59}},"type":"binary-expr","locations":[{"start":{"line":43,"column":19},"end":{"line":43,"column":30}},{"start":{"line":43,"column":34},"end":{"line":43,"column":59}}]},"4":{"loc":{"start":{"line":68,"column":6},"end":{"line":75,"column":7}},"type":"if","locations":[{"start":{"line":68,"column":6},"end":{"line":75,"column":7}}]},"5":{"loc":{"start":{"line":73,"column":19},"end":{"line":73,"column":64}},"type":"binary-expr","locations":[{"start":{"line":73,"column":19},"end":{"line":73,"column":30}},{"start":{"line":73,"column":34},"end":{"line":73,"column":64}}]},"6":{"loc":{"start":{"line":98,"column":6},"end":{"line":105,"column":7}},"type":"if","locations":[{"start":{"line":98,"column":6},"end":{"line":105,"column":7}}]},"7":{"loc":{"start":{"line":103,"column":19},"end":{"line":103,"column":58}},"type":"binary-expr","locations":[{"start":{"line":103,"column":19},"end":{"line":103,"column":30}},{"start":{"line":103,"column":34},"end":{"line":103,"column":58}}]}},"s":{"0":1,"1":1,"2":1,"3":1,"4":1,"5":1,"6":1,"7":1,"8":0,"9":0,"10":0,"11":1,"12":1,"13":1,"14":0,"15":0,"16":0,"17":1,"18":1,"19":1,"20":0,"21":0,"22":0,"23":1,"24":1,"25":1,"26":1},"f":{"0":1,"1":1,"2":1,"3":1,"4":1,"5":1,"6":1},"b":{"0":[1,0],"1":[1,1],"2":[0],"3":[0,0],"4":[0],"5":[0,0],"6":[0],"7":[0,0]}}
,"C:\\Users\\ACER\\Desktop\\np-payment-sdk\\src\\global-gateways\\flutterwave.ts": {"path":"C:\\Users\\ACER\\Desktop\\np-payment-sdk\\src\\global-gateways\\flutterwave.ts","statementMap":{"0":{"start":{"line":2,"column":0},"end":{"line":2,"column":46}},"1":{"start":{"line":10,"column":22},"end":{"line":10,"column":93}},"2":{"start":{"line":11,"column":4},"end":{"line":11,"column":67}},"3":{"start":{"line":18,"column":4},"end":{"line":55,"column":5}},"4":{"start":{"line":19,"column":22},"end":{"line":30,"column":8}},"5":{"start":{"line":31,"column":23},"end":{"line":31,"column":167}},"6":{"start":{"line":32,"column":21},"end":{"line":32,"column":65}},"7":{"start":{"line":33,"column":6},"end":{"line":33,"column":81}},"8":{"start":{"line":33,"column":39},"end":{"line":33,"column":81}},"9":{"start":{"line":34,"column":6},"end":{"line":39,"column":8}},"10":{"start":{"line":41,"column":6},"end":{"line":48,"column":7}},"11":{"start":{"line":42,"column":8},"end":{"line":47,"column":10}},"12":{"start":{"line":49,"column":6},"end":{"line":54,"column":8}},"13":{"start":{"line":62,"column":4},"end":{"line":85,"column":5}},"14":{"start":{"line":63,"column":23},"end":{"line":63,"column":211}},"15":{"start":{"line":64,"column":6},"end":{"line":69,"column":8}},"16":{"start":{"line":71,"column":6},"end":{"line":78,"column":7}},"17":{"start":{"line":72,"column":8},"end":{"line":77,"column":10}},"18":{"start":{"line":79,"column":6},"end":{"line":84,"column":8}},"19":{"start":{"line":92,"column":4},"end":{"line":121,"column":5}},"20":{"start":{"line":93,"column":23},"end":{"line":97,"column":8}},"21":{"start":{"line":98,"column":27},"end":{"line":98,"column":71}},"22":{"start":{"line":99,"column":6},"end":{"line":99,"column":92}},"23":{"start":{"line":99,"column":45},"end":{"line":99,"column":92}},"24":{"start":{"line":100,"column":6},"end":{"line":105,"column":8}},"25":{"start":{"line":107,"column":6},"end":{"line":114,"column":7}},"26":{"start":{"line":108,"column":8},"end":{"line":113,"column":10}},"27":{"start":{"line":115,"column":6},"end":{"line":120,"column":8}},"28":{"start":{"line":129,"column":4},"end":{"line":134,"column":6}},"29":{"start":{"line":142,"column":4},"end":{"line":147,"column":6}},"30":{"start":{"line":155,"column":4},"end":{"line":160,"column":6}},"31":{"start":{"line":7,"column":0},"end":{"line":7,"column":13}}},"fnMap":{"0":{"name":"(anonymous_1)","decl":{"start":{"line":10,"column":2},"end":{"line":10,"column":22}},"loc":{"start":{"line":10,"column":93},"end":{"line":12,"column":3}}},"1":{"name":"(anonymous_2)","decl":{"start":{"line":17,"column":2},"end":{"line":17,"column":7}},"loc":{"start":{"line":17,"column":33},"end":{"line":56,"column":3}}},"2":{"name":"(anonymous_3)","decl":{"start":{"line":61,"column":2},"end":{"line":61,"column":7}},"loc":{"start":{"line":61,"column":35},"end":{"line":86,"column":3}}},"3":{"name":"(anonymous_4)","decl":{"start":{"line":91,"column":2},"end":{"line":91,"column":7}},"loc":{"start":{"line":91,"column":35},"end":{"line":122,"column":3}}},"4":{"name":"(anonymous_5)","decl":{"start":{"line":128,"column":2},"end":{"line":128,"column":7}},"loc":{"start":{"line":128,"column":51},"end":{"line":135,"column":3}}},"5":{"name":"(anonymous_6)","decl":{"start":{"line":141,"column":2},"end":{"line":141,"column":7}},"loc":{"start":{"line":141,"column":55},"end":{"line":148,"column":3}}},"6":{"name":"(anonymous_7)","decl":{"start":{"line":154,"column":2},"end":{"line":154,"column":7}},"loc":{"start":{"line":154,"column":48},"end":{"line":161,"column":3}}}},"branchMap":{"0":{"loc":{"start":{"line":28,"column":16},"end":{"line":28,"column":62}},"type":"binary-expr","locations":[{"start":{"line":28,"column":16},"end":{"line":28,"column":36}},{"start":{"line":28,"column":40},"end":{"line":28,"column":62}}]},"1":{"loc":{"start":{"line":33,"column":6},"end":{"line":33,"column":81}},"type":"if","locations":[{"start":{"line":33,"column":6},"end":{"line":33,"column":81}}]},"2":{"loc":{"start":{"line":36,"column":17},"end":{"line":36,"column":98}},"type":"cond-expr","locations":[{"start":{"line":36,"column":77},"end":{"line":36,"column":86}},{"start":{"line":36,"column":89},"end":{"line":36,"column":98}}]},"3":{"loc":{"start":{"line":41,"column":6},"end":{"line":48,"column":7}},"type":"if","locations":[{"start":{"line":41,"column":6},"end":{"line":48,"column":7}}]},"4":{"loc":{"start":{"line":46,"column":19},"end":{"line":46,"column":62}},"type":"binary-expr","locations":[{"start":{"line":46,"column":19},"end":{"line":46,"column":30}},{"start":{"line":46,"column":34},"end":{"line":46,"column":62}}]},"5":{"loc":{"start":{"line":66,"column":17},"end":{"line":66,"column":116}},"type":"cond-expr","locations":[{"start":{"line":66,"column":95},"end":{"line":66,"column":104}},{"start":{"line":66,"column":107},"end":{"line":66,"column":116}}]},"6":{"loc":{"start":{"line":71,"column":6},"end":{"line":78,"column":7}},"type":"if","locations":[{"start":{"line":71,"column":6},"end":{"line":78,"column":7}}]},"7":{"loc":{"start":{"line":76,"column":19},"end":{"line":76,"column":67}},"type":"binary-expr","locations":[{"start":{"line":76,"column":19},"end":{"line":76,"column":30}},{"start":{"line":76,"column":34},"end":{"line":76,"column":67}}]},"8":{"loc":{"start":{"line":99,"column":6},"end":{"line":99,"column":92}},"type":"if","locations":[{"start":{"line":99,"column":6},"end":{"line":99,"column":92}}]},"9":{"loc":{"start":{"line":102,"column":17},"end":{"line":102,"column":98}},"type":"cond-expr","locations":[{"start":{"line":102,"column":77},"end":{"line":102,"column":86}},{"start":{"line":102,"column":89},"end":{"line":102,"column":98}}]},"10":{"loc":{"start":{"line":107,"column":6},"end":{"line":114,"column":7}},"type":"if","locations":[{"start":{"line":107,"column":6},"end":{"line":114,"column":7}}]},"11":{"loc":{"start":{"line":112,"column":19},"end":{"line":112,"column":61}},"type":"binary-expr","locations":[{"start":{"line":112,"column":19},"end":{"line":112,"column":30}},{"start":{"line":112,"column":34},"end":{"line":112,"column":61}}]}},"s":{"0":1,"1":1,"2":1,"3":1,"4":1,"5":1,"6":1,"7":1,"8":0,"9":1,"10":0,"11":0,"12":0,"13":1,"14":1,"15":1,"16":0,"17":0,"18":0,"19":1,"20":1,"21":1,"22":1,"23":0,"24":1,"25":0,"26":0,"27":0,"28":1,"29":1,"30":1,"31":1},"f":{"0":1,"1":1,"2":1,"3":1,"4":1,"5":1,"6":1},"b":{"0":[1,1],"1":[0],"2":[1,0],"3":[0],"4":[0,0],"5":[1,0],"6":[0],"7":[0,0],"8":[0],"9":[1,0],"10":[0],"11":[0,0]}}
,"C:\\Users\\ACER\\Desktop\\np-payment-sdk\\src\\global-gateways\\paypal.ts": {"path":"C:\\Users\\ACER\\Desktop\\np-payment-sdk\\src\\global-gateways\\paypal.ts","statementMap":{"0":{"start":{"line":2,"column":0},"end":{"line":2,"column":54}},"1":{"start":{"line":10,"column":22},"end":{"line":10,"column":112}},"2":{"start":{"line":11,"column":16},"end":{"line":13,"column":75}},"3":{"start":{"line":14,"column":4},"end":{"line":14,"column":51}},"4":{"start":{"line":21,"column":4},"end":{"line":68,"column":5}},"5":{"start":{"line":22,"column":22},"end":{"line":22,"column":61}},"6":{"start":{"line":23,"column":6},"end":{"line":23,"column":46}},"7":{"start":{"line":24,"column":6},"end":{"line":36,"column":9}},"8":{"start":{"line":37,"column":20},"end":{"line":37,"column":54}},"9":{"start":{"line":38,"column":6},"end":{"line":52,"column":7}},"10":{"start":{"line":39,"column":8},"end":{"line":44,"column":10}},"11":{"start":{"line":46,"column":8},"end":{"line":51,"column":10}},"12":{"start":{"line":54,"column":6},"end":{"line":61,"column":7}},"13":{"start":{"line":55,"column":8},"end":{"line":60,"column":10}},"14":{"start":{"line":62,"column":6},"end":{"line":67,"column":8}},"15":{"start":{"line":75,"column":4},"end":{"line":99,"column":5}},"16":{"start":{"line":76,"column":22},"end":{"line":76,"column":78}},"17":{"start":{"line":77,"column":20},"end":{"line":77,"column":54}},"18":{"start":{"line":78,"column":6},"end":{"line":83,"column":8}},"19":{"start":{"line":85,"column":6},"end":{"line":92,"column":7}},"20":{"start":{"line":86,"column":8},"end":{"line":91,"column":10}},"21":{"start":{"line":93,"column":6},"end":{"line":98,"column":8}},"22":{"start":{"line":106,"column":4},"end":{"line":149,"column":5}},"23":{"start":{"line":108,"column":27},"end":{"line":108,"column":83}},"24":{"start":{"line":109,"column":20},"end":{"line":109,"column":59}},"25":{"start":{"line":110,"column":24},"end":{"line":110,"column":78}},"26":{"start":{"line":111,"column":28},"end":{"line":111,"column":80}},"27":{"start":{"line":112,"column":6},"end":{"line":117,"column":9}},"28":{"start":{"line":118,"column":21},"end":{"line":118,"column":61}},"29":{"start":{"line":119,"column":6},"end":{"line":133,"column":7}},"30":{"start":{"line":120,"column":8},"end":{"line":125,"column":10}},"31":{"start":{"line":127,"column":8},"end":{"line":132,"column":10}},"32":{"start":{"line":135,"column":6},"end":{"line":142,"column":7}},"33":{"start":{"line":136,"column":8},"end":{"line":141,"column":10}},"34":{"start":{"line":143,"column":6},"end":{"line":148,"column":8}},"35":{"start":{"line":157,"column":4},"end":{"line":162,"column":6}},"36":{"start":{"line":170,"column":4},"end":{"line":175,"column":6}},"37":{"start":{"line":183,"column":4},"end":{"line":188,"column":6}},"38":{"start":{"line":7,"column":0},"end":{"line":7,"column":13}}},"fnMap":{"0":{"name":"(anonymous_9)","decl":{"start":{"line":10,"column":2},"end":{"line":10,"column":22}},"loc":{"start":{"line":10,"column":112},"end":{"line":15,"column":3}}},"1":{"name":"(anonymous_10)","decl":{"start":{"line":20,"column":2},"end":{"line":20,"column":7}},"loc":{"start":{"line":20,"column":33},"end":{"line":69,"column":3}}},"2":{"name":"(anonymous_11)","decl":{"start":{"line":74,"column":2},"end":{"line":74,"column":7}},"loc":{"start":{"line":74,"column":35},"end":{"line":100,"column":3}}},"3":{"name":"(anonymous_12)","decl":{"start":{"line":105,"column":2},"end":{"line":105,"column":7}},"loc":{"start":{"line":105,"column":35},"end":{"line":150,"column":3}}},"4":{"name":"(anonymous_13)","decl":{"start":{"line":156,"column":2},"end":{"line":156,"column":7}},"loc":{"start":{"line":156,"column":51},"end":{"line":163,"column":3}}},"5":{"name":"(anonymous_14)","decl":{"start":{"line":169,"column":2},"end":{"line":169,"column":7}},"loc":{"start":{"line":169,"column":55},"end":{"line":176,"column":3}}},"6":{"name":"(anonymous_15)","decl":{"start":{"line":182,"column":2},"end":{"line":182,"column":7}},"loc":{"start":{"line":182,"column":48},"end":{"line":189,"column":3}}}},"branchMap":{"0":{"loc":{"start":{"line":11,"column":16},"end":{"line":13,"column":75}},"type":"cond-expr","locations":[{"start":{"line":12,"column":8},"end":{"line":12,"column":72}},{"start":{"line":13,"column":8},"end":{"line":13,"column":75}}]},"1":{"loc":{"start":{"line":34,"column":22},"end":{"line":34,"column":58}},"type":"binary-expr","locations":[{"start":{"line":34,"column":22},"end":{"line":34,"column":38}},{"start":{"line":34,"column":42},"end":{"line":34,"column":58}}]},"2":{"loc":{"start":{"line":38,"column":6},"end":{"line":52,"column":7}},"type":"if","locations":[{"start":{"line":38,"column":6},"end":{"line":52,"column":7}},{"start":{"line":45,"column":13},"end":{"line":52,"column":7}}]},"3":{"loc":{"start":{"line":38,"column":10},"end":{"line":38,"column":106}},"type":"binary-expr","locations":[{"start":{"line":38,"column":10},"end":{"line":38,"column":29}},{"start":{"line":38,"column":34},"end":{"line":38,"column":67}},{"start":{"line":38,"column":71},"end":{"line":38,"column":105}}]},"4":{"loc":{"start":{"line":54,"column":6},"end":{"line":61,"column":7}},"type":"if","locations":[{"start":{"line":54,"column":6},"end":{"line":61,"column":7}}]},"5":{"loc":{"start":{"line":59,"column":19},"end":{"line":59,"column":57}},"type":"binary-expr","locations":[{"start":{"line":59,"column":19},"end":{"line":59,"column":30}},{"start":{"line":59,"column":34},"end":{"line":59,"column":57}}]},"6":{"loc":{"start":{"line":80,"column":16},"end":{"line":80,"column":75}},"type":"cond-expr","locations":[{"start":{"line":80,"column":54},"end":{"line":80,"column":63}},{"start":{"line":80,"column":66},"end":{"line":80,"column":75}}]},"7":{"loc":{"start":{"line":85,"column":6},"end":{"line":92,"column":7}},"type":"if","locations":[{"start":{"line":85,"column":6},"end":{"line":92,"column":7}}]},"8":{"loc":{"start":{"line":90,"column":19},"end":{"line":90,"column":62}},"type":"binary-expr","locations":[{"start":{"line":90,"column":19},"end":{"line":90,"column":30}},{"start":{"line":90,"column":34},"end":{"line":90,"column":62}}]},"9":{"loc":{"start":{"line":119,"column":6},"end":{"line":133,"column":7}},"type":"if","locations":[{"start":{"line":119,"column":6},"end":{"line":133,"column":7}},{"start":{"line":126,"column":13},"end":{"line":133,"column":7}}]},"10":{"loc":{"start":{"line":119,"column":10},"end":{"line":119,"column":70}},"type":"binary-expr","locations":[{"start":{"line":119,"column":10},"end":{"line":119,"column":30}},{"start":{"line":119,"column":34},"end":{"line":119,"column":70}}]},"11":{"loc":{"start":{"line":135,"column":6},"end":{"line":142,"column":7}},"type":"if","locations":[{"start":{"line":135,"column":6},"end":{"line":142,"column":7}}]},"12":{"loc":{"start":{"line":140,"column":19},"end":{"line":140,"column":56}},"type":"binary-expr","locations":[{"start":{"line":140,"column":19},"end":{"line":140,"column":30}},{"start":{"line":140,"column":34},"end":{"line":140,"column":56}}]}},"s":{"0":1,"1":1,"2":1,"3":1,"4":1,"5":1,"6":1,"7":1,"8":1,"9":1,"10":1,"11":0,"12":0,"13":0,"14":0,"15":1,"16":1,"17":1,"18":1,"19":0,"20":0,"21":0,"22":1,"23":1,"24":1,"25":1,"26":1,"27":1,"28":1,"29":1,"30":1,"31":0,"32":0,"33":0,"34":0,"35":1,"36":1,"37":1,"38":1},"f":{"0":1,"1":1,"2":1,"3":1,"4":1,"5":1,"6":1},"b":{"0":[0,1],"1":[1,1],"2":[1,0],"3":[1,1,0],"4":[0],"5":[0,0],"6":[1,0],"7":[0],"8":[0,0],"9":[1,0],"10":[1,1],"11":[0],"12":[0,0]}}
,"C:\\Users\\ACER\\Desktop\\np-payment-sdk\\src\\global-gateways\\paystack.ts": {"path":"C:\\Users\\ACER\\Desktop\\np-payment-sdk\\src\\global-gateways\\paystack.ts","statementMap":{"0":{"start":{"line":2,"column":0},"end":{"line":2,"column":36}},"1":{"start":{"line":10,"column":22},"end":{"line":10,"column":51}},"2":{"start":{"line":11,"column":4},"end":{"line":11,"column":47}},"3":{"start":{"line":18,"column":4},"end":{"line":47,"column":5}},"4":{"start":{"line":19,"column":23},"end":{"line":25,"column":8}},"5":{"start":{"line":26,"column":6},"end":{"line":31,"column":8}},"6":{"start":{"line":33,"column":6},"end":{"line":40,"column":7}},"7":{"start":{"line":34,"column":8},"end":{"line":39,"column":10}},"8":{"start":{"line":41,"column":6},"end":{"line":46,"column":8}},"9":{"start":{"line":54,"column":4},"end":{"line":77,"column":5}},"10":{"start":{"line":55,"column":23},"end":{"line":55,"column":83}},"11":{"start":{"line":56,"column":6},"end":{"line":61,"column":8}},"12":{"start":{"line":63,"column":6},"end":{"line":70,"column":7}},"13":{"start":{"line":64,"column":8},"end":{"line":69,"column":10}},"14":{"start":{"line":71,"column":6},"end":{"line":76,"column":8}},"15":{"start":{"line":84,"column":4},"end":{"line":110,"column":5}},"16":{"start":{"line":85,"column":23},"end":{"line":88,"column":8}},"17":{"start":{"line":89,"column":6},"end":{"line":94,"column":8}},"18":{"start":{"line":96,"column":6},"end":{"line":103,"column":7}},"19":{"start":{"line":97,"column":8},"end":{"line":102,"column":10}},"20":{"start":{"line":104,"column":6},"end":{"line":109,"column":8}},"21":{"start":{"line":118,"column":4},"end":{"line":123,"column":6}},"22":{"start":{"line":131,"column":4},"end":{"line":136,"column":6}},"23":{"start":{"line":144,"column":4},"end":{"line":149,"column":6}},"24":{"start":{"line":7,"column":0},"end":{"line":7,"column":13}}},"fnMap":{"0":{"name":"(anonymous_1)","decl":{"start":{"line":10,"column":2},"end":{"line":10,"column":22}},"loc":{"start":{"line":10,"column":51},"end":{"line":12,"column":3}}},"1":{"name":"(anonymous_2)","decl":{"start":{"line":17,"column":2},"end":{"line":17,"column":7}},"loc":{"start":{"line":17,"column":33},"end":{"line":48,"column":3}}},"2":{"name":"(anonymous_3)","decl":{"start":{"line":53,"column":2},"end":{"line":53,"column":7}},"loc":{"start":{"line":53,"column":35},"end":{"line":78,"column":3}}},"3":{"name":"(anonymous_4)","decl":{"start":{"line":83,"column":2},"end":{"line":83,"column":7}},"loc":{"start":{"line":83,"column":35},"end":{"line":111,"column":3}}},"4":{"name":"(anonymous_5)","decl":{"start":{"line":117,"column":2},"end":{"line":117,"column":7}},"loc":{"start":{"line":117,"column":51},"end":{"line":124,"column":3}}},"5":{"name":"(anonymous_6)","decl":{"start":{"line":130,"column":2},"end":{"line":130,"column":7}},"loc":{"start":{"line":130,"column":55},"end":{"line":137,"column":3}}},"6":{"name":"(anonymous_7)","decl":{"start":{"line":143,"column":2},"end":{"line":143,"column":7}},"loc":{"start":{"line":143,"column":48},"end":{"line":150,"column":3}}}},"branchMap":{"0":{"loc":{"start":{"line":24,"column":19},"end":{"line":24,"column":52}},"type":"binary-expr","locations":[{"start":{"line":24,"column":19},"end":{"line":24,"column":39}},{"start":{"line":24,"column":43},"end":{"line":24,"column":52}}]},"1":{"loc":{"start":{"line":28,"column":16},"end":{"line":28,"column":55}},"type":"cond-expr","locations":[{"start":{"line":28,"column":34},"end":{"line":28,"column":43}},{"start":{"line":28,"column":46},"end":{"line":28,"column":55}}]},"2":{"loc":{"start":{"line":30,"column":17},"end":{"line":30,"column":71}},"type":"binary-expr","locations":[{"start":{"line":30,"column":17},"end":{"line":30,"column":33}},{"start":{"line":30,"column":37},"end":{"line":30,"column":71}}]},"3":{"loc":{"start":{"line":33,"column":6},"end":{"line":40,"column":7}},"type":"if","locations":[{"start":{"line":33,"column":6},"end":{"line":40,"column":7}}]},"4":{"loc":{"start":{"line":38,"column":19},"end":{"line":38,"column":59}},"type":"binary-expr","locations":[{"start":{"line":38,"column":19},"end":{"line":38,"column":30}},{"start":{"line":38,"column":34},"end":{"line":38,"column":59}}]},"5":{"loc":{"start":{"line":58,"column":16},"end":{"line":58,"column":74}},"type":"cond-expr","locations":[{"start":{"line":58,"column":53},"end":{"line":58,"column":62}},{"start":{"line":58,"column":65},"end":{"line":58,"column":74}}]},"6":{"loc":{"start":{"line":63,"column":6},"end":{"line":70,"column":7}},"type":"if","locations":[{"start":{"line":63,"column":6},"end":{"line":70,"column":7}}]},"7":{"loc":{"start":{"line":68,"column":19},"end":{"line":68,"column":64}},"type":"binary-expr","locations":[{"start":{"line":68,"column":19},"end":{"line":68,"column":30}},{"start":{"line":68,"column":34},"end":{"line":68,"column":64}}]},"8":{"loc":{"start":{"line":91,"column":16},"end":{"line":91,"column":55}},"type":"cond-expr","locations":[{"start":{"line":91,"column":34},"end":{"line":91,"column":43}},{"start":{"line":91,"column":46},"end":{"line":91,"column":55}}]},"9":{"loc":{"start":{"line":93,"column":17},"end":{"line":93,"column":64}},"type":"binary-expr","locations":[{"start":{"line":93,"column":17},"end":{"line":93,"column":33}},{"start":{"line":93,"column":37},"end":{"line":93,"column":64}}]},"10":{"loc":{"start":{"line":96,"column":6},"end":{"line":103,"column":7}},"type":"if","locations":[{"start":{"line":96,"column":6},"end":{"line":103,"column":7}}]},"11":{"loc":{"start":{"line":101,"column":19},"end":{"line":101,"column":58}},"type":"binary-expr","locations":[{"start":{"line":101,"column":19},"end":{"line":101,"column":30}},{"start":{"line":101,"column":34},"end":{"line":101,"column":58}}]}},"s":{"0":1,"1":1,"2":1,"3":1,"4":1,"5":1,"6":0,"7":0,"8":0,"9":1,"10":1,"11":1,"12":0,"13":0,"14":0,"15":1,"16":1,"17":1,"18":0,"19":0,"20":0,"21":1,"22":1,"23":1,"24":1},"f":{"0":1,"1":1,"2":1,"3":1,"4":1,"5":1,"6":1},"b":{"0":[1,1],"1":[1,0],"2":[1,0],"3":[0],"4":[0,0],"5":[1,0],"6":[0],"7":[0,0],"8":[1,0],"9":[1,0],"10":[0],"11":[0,0]}}
,"C:\\Users\\ACER\\Desktop\\np-payment-sdk\\src\\global-gateways\\razorpay.ts": {"path":"C:\\Users\\ACER\\Desktop\\np-payment-sdk\\src\\global-gateways\\razorpay.ts","statementMap":{"0":{"start":{"line":3,"column":0},"end":{"line":3,"column":32}},"1":{"start":{"line":11,"column":22},"end":{"line":11,"column":66}},"2":{"start":{"line":12,"column":4},"end":{"line":12,"column":89}},"3":{"start":{"line":19,"column":4},"end":{"line":40,"column":5}},"4":{"start":{"line":20,"column":20},"end":{"line":26,"column":8}},"5":{"start":{"line":25,"column":114},"end":{"line":25,"column":201}},"6":{"start":{"line":27,"column":6},"end":{"line":32,"column":8}},"7":{"start":{"line":34,"column":6},"end":{"line":39,"column":8}},"8":{"start":{"line":47,"column":4},"end":{"line":62,"column":5}},"9":{"start":{"line":48,"column":22},"end":{"line":48,"column":78}},"10":{"start":{"line":49,"column":6},"end":{"line":54,"column":8}},"11":{"start":{"line":56,"column":6},"end":{"line":61,"column":8}},"12":{"start":{"line":69,"column":4},"end":{"line":90,"column":5}},"13":{"start":{"line":72,"column":21},"end":{"line":75,"column":8}},"14":{"start":{"line":77,"column":6},"end":{"line":82,"column":8}},"15":{"start":{"line":84,"column":6},"end":{"line":89,"column":8}},"16":{"start":{"line":98,"column":4},"end":{"line":103,"column":6}},"17":{"start":{"line":111,"column":4},"end":{"line":116,"column":6}},"18":{"start":{"line":124,"column":4},"end":{"line":129,"column":6}},"19":{"start":{"line":8,"column":0},"end":{"line":8,"column":13}}},"fnMap":{"0":{"name":"(anonymous_1)","decl":{"start":{"line":11,"column":2},"end":{"line":11,"column":22}},"loc":{"start":{"line":11,"column":66},"end":{"line":13,"column":3}}},"1":{"name":"(anonymous_2)","decl":{"start":{"line":18,"column":2},"end":{"line":18,"column":7}},"loc":{"start":{"line":18,"column":33},"end":{"line":41,"column":3}}},"2":{"name":"(anonymous_3)","decl":{"start":{"line":25,"column":102},"end":{"line":25,"column":103}},"loc":{"start":{"line":25,"column":114},"end":{"line":25,"column":201}}},"3":{"name":"(anonymous_4)","decl":{"start":{"line":46,"column":2},"end":{"line":46,"column":7}},"loc":{"start":{"line":46,"column":35},"end":{"line":63,"column":3}}},"4":{"name":"(anonymous_5)","decl":{"start":{"line":68,"column":2},"end":{"line":68,"column":7}},"loc":{"start":{"line":68,"column":35},"end":{"line":91,"column":3}}},"5":{"name":"(anonymous_6)","decl":{"start":{"line":97,"column":2},"end":{"line":97,"column":7}},"loc":{"start":{"line":97,"column":51},"end":{"line":104,"column":3}}},"6":{"name":"(anonymous_7)","decl":{"start":{"line":110,"column":2},"end":{"line":110,"column":7}},"loc":{"start":{"line":110,"column":55},"end":{"line":117,"column":3}}},"7":{"name":"(anonymous_8)","decl":{"start":{"line":123,"column":2},"end":{"line":123,"column":7}},"loc":{"start":{"line":123,"column":48},"end":{"line":130,"column":3}}}},"branchMap":{"0":{"loc":{"start":{"line":23,"column":24},"end":{"line":23,"column":50}},"type":"binary-expr","locations":[{"start":{"line":23,"column":24},"end":{"line":23,"column":44}},{"start":{"line":23,"column":48},"end":{"line":23,"column":50}}]},"1":{"loc":{"start":{"line":25,"column":15},"end":{"line":25,"column":208}},"type":"cond-expr","locations":[{"start":{"line":25,"column":50},"end":{"line":25,"column":203}},{"start":{"line":25,"column":206},"end":{"line":25,"column":208}}]},"2":{"loc":{"start":{"line":25,"column":118},"end":{"line":25,"column":200}},"type":"cond-expr","locations":[{"start":{"line":25,"column":167},"end":{"line":25,"column":168}},{"start":{"line":25,"column":171},"end":{"line":25,"column":200}}]},"3":{"loc":{"start":{"line":25,"column":118},"end":{"line":25,"column":164}},"type":"binary-expr","locations":[{"start":{"line":25,"column":118},"end":{"line":25,"column":139}},{"start":{"line":25,"column":143},"end":{"line":25,"column":164}}]},"4":{"loc":{"start":{"line":25,"column":171},"end":{"line":25,"column":200}},"type":"cond-expr","locations":[{"start":{"line":25,"column":184},"end":{"line":25,"column":188}},{"start":{"line":25,"column":191},"end":{"line":25,"column":200}}]},"5":{"loc":{"start":{"line":37,"column":25},"end":{"line":37,"column":73}},"type":"cond-expr","locations":[{"start":{"line":37,"column":48},"end":{"line":37,"column":59}},{"start":{"line":37,"column":62},"end":{"line":37,"column":73}}]},"6":{"loc":{"start":{"line":38,"column":18},"end":{"line":38,"column":68}},"type":"binary-expr","locations":[{"start":{"line":38,"column":18},"end":{"line":38,"column":39}},{"start":{"line":38,"column":43},"end":{"line":38,"column":68}}]},"7":{"loc":{"start":{"line":51,"column":16},"end":{"line":51,"column":69}},"type":"cond-expr","locations":[{"start":{"line":51,"column":48},"end":{"line":51,"column":57}},{"start":{"line":51,"column":60},"end":{"line":51,"column":69}}]},"8":{"loc":{"start":{"line":59,"column":25},"end":{"line":59,"column":73}},"type":"cond-expr","locations":[{"start":{"line":59,"column":48},"end":{"line":59,"column":59}},{"start":{"line":59,"column":62},"end":{"line":59,"column":73}}]},"9":{"loc":{"start":{"line":60,"column":18},"end":{"line":60,"column":73}},"type":"binary-expr","locations":[{"start":{"line":60,"column":18},"end":{"line":60,"column":39}},{"start":{"line":60,"column":43},"end":{"line":60,"column":73}}]},"10":{"loc":{"start":{"line":74,"column":33},"end":{"line":74,"column":106}},"type":"binary-expr","locations":[{"start":{"line":74,"column":33},"end":{"line":74,"column":84}},{"start":{"line":74,"column":88},"end":{"line":74,"column":106}}]},"11":{"loc":{"start":{"line":87,"column":25},"end":{"line":87,"column":73}},"type":"cond-expr","locations":[{"start":{"line":87,"column":48},"end":{"line":87,"column":59}},{"start":{"line":87,"column":62},"end":{"line":87,"column":73}}]},"12":{"loc":{"start":{"line":88,"column":18},"end":{"line":88,"column":67}},"type":"binary-expr","locations":[{"start":{"line":88,"column":18},"end":{"line":88,"column":39}},{"start":{"line":88,"column":43},"end":{"line":88,"column":67}}]}},"s":{"0":1,"1":1,"2":1,"3":1,"4":1,"5":0,"6":1,"7":0,"8":1,"9":1,"10":1,"11":0,"12":1,"13":1,"14":1,"15":0,"16":1,"17":1,"18":1,"19":1},"f":{"0":1,"1":1,"2":0,"3":1,"4":1,"5":1,"6":1,"7":1},"b":{"0":[1,1],"1":[0,1],"2":[0,0],"3":[0,0],"4":[0,0],"5":[0,0],"6":[0,0],"7":[1,0],"8":[0,0],"9":[0,0],"10":[1,1],"11":[0,0],"12":[0,0]}}
,"C:\\Users\\ACER\\Desktop\\np-payment-sdk\\src\\global-gateways\\stripe.ts": {"path":"C:\\Users\\ACER\\Desktop\\np-payment-sdk\\src\\global-gateways\\stripe.ts","statementMap":{"0":{"start":{"line":3,"column":0},"end":{"line":3,"column":28}},"1":{"start":{"line":11,"column":22},"end":{"line":11,"column":48}},"2":{"start":{"line":12,"column":4},"end":{"line":12,"column":80}},"3":{"start":{"line":19,"column":4},"end":{"line":50,"column":5}},"4":{"start":{"line":20,"column":28},"end":{"line":28,"column":8}},"5":{"start":{"line":23,"column":123},"end":{"line":23,"column":210}},"6":{"start":{"line":29,"column":6},"end":{"line":34,"column":8}},"7":{"start":{"line":36,"column":6},"end":{"line":43,"column":7}},"8":{"start":{"line":37,"column":8},"end":{"line":42,"column":10}},"9":{"start":{"line":44,"column":6},"end":{"line":49,"column":8}},"10":{"start":{"line":57,"column":4},"end":{"line":80,"column":5}},"11":{"start":{"line":58,"column":28},"end":{"line":58,"column":91}},"12":{"start":{"line":59,"column":6},"end":{"line":64,"column":8}},"13":{"start":{"line":66,"column":6},"end":{"line":73,"column":7}},"14":{"start":{"line":67,"column":8},"end":{"line":72,"column":10}},"15":{"start":{"line":74,"column":6},"end":{"line":79,"column":8}},"16":{"start":{"line":87,"column":4},"end":{"line":113,"column":5}},"17":{"start":{"line":88,"column":21},"end":{"line":91,"column":8}},"18":{"start":{"line":92,"column":6},"end":{"line":97,"column":8}},"19":{"start":{"line":99,"column":6},"end":{"line":106,"column":7}},"20":{"start":{"line":100,"column":8},"end":{"line":105,"column":10}},"21":{"start":{"line":107,"column":6},"end":{"line":112,"column":8}},"22":{"start":{"line":121,"column":4},"end":{"line":126,"column":6}},"23":{"start":{"line":134,"column":4},"end":{"line":139,"column":6}},"24":{"start":{"line":147,"column":4},"end":{"line":152,"column":6}},"25":{"start":{"line":8,"column":0},"end":{"line":8,"column":13}}},"fnMap":{"0":{"name":"(anonymous_1)","decl":{"start":{"line":11,"column":2},"end":{"line":11,"column":22}},"loc":{"start":{"line":11,"column":48},"end":{"line":13,"column":3}}},"1":{"name":"(anonymous_2)","decl":{"start":{"line":18,"column":2},"end":{"line":18,"column":7}},"loc":{"start":{"line":18,"column":33},"end":{"line":51,"column":3}}},"2":{"name":"(anonymous_3)","decl":{"start":{"line":23,"column":111},"end":{"line":23,"column":112}},"loc":{"start":{"line":23,"column":123},"end":{"line":23,"column":210}}},"3":{"name":"(anonymous_4)","decl":{"start":{"line":56,"column":2},"end":{"line":56,"column":7}},"loc":{"start":{"line":56,"column":35},"end":{"line":81,"column":3}}},"4":{"name":"(anonymous_5)","decl":{"start":{"line":86,"column":2},"end":{"line":86,"column":7}},"loc":{"start":{"line":86,"column":35},"end":{"line":114,"column":3}}},"5":{"name":"(anonymous_6)","decl":{"start":{"line":120,"column":2},"end":{"line":120,"column":7}},"loc":{"start":{"line":120,"column":51},"end":{"line":127,"column":3}}},"6":{"name":"(anonymous_7)","decl":{"start":{"line":133,"column":2},"end":{"line":133,"column":7}},"loc":{"start":{"line":133,"column":55},"end":{"line":140,"column":3}}},"7":{"name":"(anonymous_8)","decl":{"start":{"line":146,"column":2},"end":{"line":146,"column":7}},"loc":{"start":{"line":146,"column":48},"end":{"line":153,"column":3}}}},"branchMap":{"0":{"loc":{"start":{"line":23,"column":18},"end":{"line":23,"column":224}},"type":"cond-expr","locations":[{"start":{"line":23,"column":56},"end":{"line":23,"column":212}},{"start":{"line":23,"column":215},"end":{"line":23,"column":224}}]},"1":{"loc":{"start":{"line":23,"column":127},"end":{"line":23,"column":209}},"type":"cond-expr","locations":[{"start":{"line":23,"column":176},"end":{"line":23,"column":177}},{"start":{"line":23,"column":180},"end":{"line":23,"column":209}}]},"2":{"loc":{"start":{"line":23,"column":127},"end":{"line":23,"column":173}},"type":"binary-expr","locations":[{"start":{"line":23,"column":127},"end":{"line":23,"column":148}},{"start":{"line":23,"column":152},"end":{"line":23,"column":173}}]},"3":{"loc":{"start":{"line":23,"column":180},"end":{"line":23,"column":209}},"type":"cond-expr","locations":[{"start":{"line":23,"column":193},"end":{"line":23,"column":197}},{"start":{"line":23,"column":200},"end":{"line":23,"column":209}}]},"4":{"loc":{"start":{"line":24,"column":23},"end":{"line":24,"column":82}},"type":"cond-expr","locations":[{"start":{"line":24,"column":58},"end":{"line":24,"column":70}},{"start":{"line":24,"column":73},"end":{"line":24,"column":82}}]},"5":{"loc":{"start":{"line":25,"column":21},"end":{"line":25,"column":92}},"type":"cond-expr","locations":[{"start":{"line":25,"column":62},"end":{"line":25,"column":80}},{"start":{"line":25,"column":83},"end":{"line":25,"column":92}}]},"6":{"loc":{"start":{"line":26,"column":20},"end":{"line":26,"column":87}},"type":"cond-expr","locations":[{"start":{"line":26,"column":59},"end":{"line":26,"column":75}},{"start":{"line":26,"column":78},"end":{"line":26,"column":87}}]},"7":{"loc":{"start":{"line":36,"column":6},"end":{"line":43,"column":7}},"type":"if","locations":[{"start":{"line":36,"column":6},"end":{"line":43,"column":7}}]},"8":{"loc":{"start":{"line":41,"column":19},"end":{"line":41,"column":57}},"type":"binary-expr","locations":[{"start":{"line":41,"column":19},"end":{"line":41,"column":30}},{"start":{"line":41,"column":34},"end":{"line":41,"column":57}}]},"9":{"loc":{"start":{"line":61,"column":16},"end":{"line":61,"column":76}},"type":"cond-expr","locations":[{"start":{"line":61,"column":55},"end":{"line":61,"column":64}},{"start":{"line":61,"column":67},"end":{"line":61,"column":76}}]},"10":{"loc":{"start":{"line":66,"column":6},"end":{"line":73,"column":7}},"type":"if","locations":[{"start":{"line":66,"column":6},"end":{"line":73,"column":7}}]},"11":{"loc":{"start":{"line":71,"column":19},"end":{"line":71,"column":62}},"type":"binary-expr","locations":[{"start":{"line":71,"column":19},"end":{"line":71,"column":30}},{"start":{"line":71,"column":34},"end":{"line":71,"column":62}}]},"12":{"loc":{"start":{"line":99,"column":6},"end":{"line":106,"column":7}},"type":"if","locations":[{"start":{"line":99,"column":6},"end":{"line":106,"column":7}}]},"13":{"loc":{"start":{"line":104,"column":19},"end":{"line":104,"column":56}},"type":"binary-expr","locations":[{"start":{"line":104,"column":19},"end":{"line":104,"column":30}},{"start":{"line":104,"column":34},"end":{"line":104,"column":56}}]}},"s":{"0":1,"1":1,"2":1,"3":1,"4":1,"5":0,"6":1,"7":0,"8":0,"9":0,"10":1,"11":1,"12":1,"13":0,"14":0,"15":0,"16":1,"17":1,"18":1,"19":0,"20":0,"21":0,"22":1,"23":1,"24":1,"25":1},"f":{"0":1,"1":1,"2":0,"3":1,"4":1,"5":1,"6":1,"7":1},"b":{"0":[0,1],"1":[0,0],"2":[0,0],"3":[0,0],"4":[0,1],"5":[0,1],"6":[1,0],"7":[0],"8":[0,0],"9":[1,0],"10":[0],"11":[0,0],"12":[0],"13":[0,0]}}
,"C:\\Users\\ACER\\Desktop\\np-payment-sdk\\src\\handlers\\webhook.ts": {"path":"C:\\Users\\ACER\\Desktop\\np-payment-sdk\\src\\handlers\\webhook.ts","statementMap":{"0":{"start":{"line":3,"column":0},"end":{"line":3,"column":16}},"1":{"start":{"line":5,"column":2},"end":{"line":5,"column":50}}},"fnMap":{"0":{"name":"paymentWebhookHandler","decl":{"start":{"line":3,"column":16},"end":{"line":3,"column":37}},"loc":{"start":{"line":3,"column":65},"end":{"line":6,"column":1}}}},"branchMap":{},"s":{"0":1,"1":1},"f":{"0":1},"b":{}}
,"C:\\Users\\ACER\\Desktop\\np-payment-sdk\\src\\types\\legacy.ts": {"path":"C:\\Users\\ACER\\Desktop\\np-payment-sdk\\src\\types\\legacy.ts","statementMap":{"0":{"start":{"line":3,"column":4},"end":{"line":3,"column":19}},"1":{"start":{"line":2,"column":38},"end":{"line":2,"column":51}},"2":{"start":{"line":4,"column":4},"end":{"line":4,"column":31}},"3":{"start":{"line":1,"column":0},"end":{"line":1,"column":13}}},"fnMap":{"0":{"name":"(anonymous_0)","decl":{"start":{"line":2,"column":2},"end":{"line":2,"column":14}},"loc":{"start":{"line":2,"column":51},"end":{"line":5,"column":3}}}},"branchMap":{},"s":{"0":5,"1":5,"2":5,"3":2},"f":{"0":5},"b":{}}
,"C:\\Users\\ACER\\Desktop\\np-payment-sdk\\src\\utils\\eventBus.ts": {"path":"C:\\Users\\ACER\\Desktop\\np-payment-sdk\\src\\utils\\eventBus.ts","statementMap":{"0":{"start":{"line":7,"column":10},"end":{"line":7,"column":65}},"1":{"start":{"line":13,"column":4},"end":{"line":13,"column":59}},"2":{"start":{"line":13,"column":32},"end":{"line":13,"column":59}},"3":{"start":{"line":14,"column":4},"end":{"line":14,"column":40}},"4":{"start":{"line":21,"column":4},"end":{"line":21,"column":39}},"5":{"start":{"line":21,"column":32},"end":{"line":21,"column":39}},"6":{"start":{"line":22,"column":4},"end":{"line":22,"column":77}},"7":{"start":{"line":22,"column":62},"end":{"line":22,"column":75}},"8":{"start":{"line":29,"column":4},"end":{"line":29,"column":39}},"9":{"start":{"line":29,"column":32},"end":{"line":29,"column":39}},"10":{"start":{"line":30,"column":4},"end":{"line":32,"column":5}},"11":{"start":{"line":31,"column":6},"end":{"line":31,"column":23}},"12":{"start":{"line":6,"column":0},"end":{"line":6,"column":13}},"13":{"start":{"line":36,"column":13},"end":{"line":36,"column":39}}},"fnMap":{"0":{"name":"(anonymous_0)","decl":{"start":{"line":6,"column":0},"end":{"line":6,"column":13}},"loc":{"start":{"line":6,"column":0},"end":{"line":34,"column":1}}},"1":{"name":"(anonymous_1)","decl":{"start":{"line":12,"column":2},"end":{"line":12,"column":4}},"loc":{"start":{"line":12,"column":44},"end":{"line":15,"column":3}}},"2":{"name":"(anonymous_2)","decl":{"start":{"line":20,"column":2},"end":{"line":20,"column":5}},"loc":{"start":{"line":20,"column":45},"end":{"line":23,"column":3}}},"3":{"name":"(anonymous_3)","decl":{"start":{"line":22,"column":57},"end":{"line":22,"column":58}},"loc":{"start":{"line":22,"column":62},"end":{"line":22,"column":75}}},"4":{"name":"(anonymous_4)","decl":{"start":{"line":28,"column":2},"end":{"line":28,"column":6}},"loc":{"start":{"line":28,"column":34},"end":{"line":33,"column":3}}}},"branchMap":{"0":{"loc":{"start":{"line":13,"column":4},"end":{"line":13,"column":59}},"type":"if","locations":[{"start":{"line":13,"column":4},"end":{"line":13,"column":59}}]},"1":{"loc":{"start":{"line":21,"column":4},"end":{"line":21,"column":39}},"type":"if","locations":[{"start":{"line":21,"column":4},"end":{"line":21,"column":39}}]},"2":{"loc":{"start":{"line":29,"column":4},"end":{"line":29,"column":39}},"type":"if","locations":[{"start":{"line":29,"column":4},"end":{"line":29,"column":39}}]}},"s":{"0":2,"1":6,"2":6,"3":6,"4":0,"5":0,"6":0,"7":0,"8":15,"9":9,"10":6,"11":6,"12":2,"13":2},"f":{"0":2,"1":6,"2":0,"3":0,"4":15},"b":{"0":[6],"1":[0],"2":[9]}}
,"C:\\Users\\ACER\\Desktop\\np-payment-sdk\\src\\utils\\transactionStore.ts": {"path":"C:\\Users\\ACER\\Desktop\\np-payment-sdk\\src\\utils\\transactionStore.ts","statementMap":{"0":{"start":{"line":11,"column":0},"end":{"line":11,"column":16}},"1":{"start":{"line":15,"column":0},"end":{"line":15,"column":16}},"2":{"start":{"line":23,"column":0},"end":{"line":23,"column":16}},"3":{"start":{"line":27,"column":0},"end":{"line":27,"column":16}},"4":{"start":{"line":9,"column":42},"end":{"line":9,"column":44}},"5":{"start":{"line":12,"column":2},"end":{"line":12,"column":28}},"6":{"start":{"line":16,"column":13},"end":{"line":16,"column":70}},"7":{"start":{"line":16,"column":36},"end":{"line":16,"column":69}},"8":{"start":{"line":17,"column":2},"end":{"line":20,"column":3}},"9":{"start":{"line":18,"column":4},"end":{"line":18,"column":31}},"10":{"start":{"line":19,"column":4},"end":{"line":19,"column":30}},"11":{"start":{"line":24,"column":2},"end":{"line":24,"column":67}},"12":{"start":{"line":24,"column":32},"end":{"line":24,"column":65}},"13":{"start":{"line":28,"column":2},"end":{"line":28,"column":22}}},"fnMap":{"0":{"name":"addTransaction","decl":{"start":{"line":11,"column":16},"end":{"line":11,"column":30}},"loc":{"start":{"line":11,"column":56},"end":{"line":13,"column":1}}},"1":{"name":"updateTransaction","decl":{"start":{"line":15,"column":16},"end":{"line":15,"column":33}},"loc":{"start":{"line":15,"column":92},"end":{"line":21,"column":1}}},"2":{"name":"(anonymous_2)","decl":{"start":{"line":16,"column":31},"end":{"line":16,"column":32}},"loc":{"start":{"line":16,"column":36},"end":{"line":16,"column":69}}},"3":{"name":"getTransaction","decl":{"start":{"line":23,"column":16},"end":{"line":23,"column":30}},"loc":{"start":{"line":23,"column":52},"end":{"line":25,"column":1}}},"4":{"name":"(anonymous_4)","decl":{"start":{"line":24,"column":27},"end":{"line":24,"column":28}},"loc":{"start":{"line":24,"column":32},"end":{"line":24,"column":65}}},"5":{"name":"listTransactions","decl":{"start":{"line":27,"column":16},"end":{"line":27,"column":32}},"loc":{"start":{"line":27,"column":32},"end":{"line":29,"column":1}}}},"branchMap":{"0":{"loc":{"start":{"line":17,"column":2},"end":{"line":20,"column":3}},"type":"if","locations":[{"start":{"line":17,"column":2},"end":{"line":20,"column":3}}]}},"s":{"0":2,"1":2,"2":2,"3":2,"4":2,"5":2,"6":2,"7":2,"8":2,"9":2,"10":2,"11":4,"12":4,"13":2},"f":{"0":2,"1":2,"2":2,"3":4,"4":4,"5":2},"b":{"0":[2]}}
}
