TN:
SF:src\index.ts
FN:180,(anonymous_9)
FN:12,(anonymous_10)
FN:49,(anonymous_11)
FN:86,(anonymous_12)
FN:90,(anonymous_13)
FN:115,(anonymous_14)
FN:125,(anonymous_15)
FN:135,(anonymous_16)
FN:145,(anonymous_17)
FN:155,(anonymous_18)
FN:166,(anonymous_19)
FN:169,(anonymous_20)
FN:172,(anonymous_21)
FN:175,(anonymous_22)
FNF:14
FNH:13
FNDA:6,(anonymous_9)
FNDA:2,(anonymous_10)
FNDA:11,(anonymous_11)
FNDA:0,(anonymous_12)
FNDA:6,(anonymous_13)
FNDA:4,(anonymous_14)
FNDA:4,(anonymous_15)
FNDA:2,(anonymous_16)
FNDA:2,(anonymous_17)
FNDA:2,(anonymous_18)
FNDA:2,(anonymous_19)
FNDA:2,(anonymous_20)
FNDA:4,(anonymous_21)
FNDA:2,(anonymous_22)
DA:1,2
DA:2,2
DA:3,2
DA:4,2
DA:5,2
DA:6,2
DA:7,2
DA:10,2
DA:12,2
DA:13,2
DA:14,2
DA:15,2
DA:16,2
DA:17,2
DA:18,2
DA:19,2
DA:20,2
DA:21,2
DA:22,2
DA:23,2
DA:46,2
DA:47,11
DA:49,11
DA:51,11
DA:52,10
DA:54,11
DA:55,0
DA:57,11
DA:58,0
DA:60,11
DA:61,0
DA:63,11
DA:64,0
DA:67,11
DA:71,11
DA:76,11
DA:77,1
DA:78,2
DA:87,0
DA:91,6
DA:92,0
DA:94,6
DA:95,1
DA:97,5
DA:98,1
DA:100,4
DA:101,0
DA:103,4
DA:104,0
DA:106,4
DA:107,4
DA:108,1
DA:110,3
DA:111,3
DA:112,3
DA:116,4
DA:117,4
DA:118,1
DA:120,3
DA:121,3
DA:122,3
DA:126,4
DA:127,4
DA:128,1
DA:130,3
DA:131,3
DA:132,3
DA:136,2
DA:137,2
DA:138,0
DA:140,2
DA:141,2
DA:142,2
DA:146,2
DA:147,2
DA:148,0
DA:150,2
DA:151,2
DA:152,2
DA:156,2
DA:157,2
DA:158,0
DA:160,2
DA:161,2
DA:162,2
DA:167,2
DA:170,2
DA:173,4
DA:176,2
DA:180,8
LF:90
LH:79
BRDA:12,0,0,2
BRDA:12,0,1,2
BRDA:51,1,0,10
BRDA:54,2,0,0
BRDA:57,3,0,0
BRDA:60,4,0,0
BRDA:63,5,0,0
BRDA:67,6,0,0
BRDA:71,7,0,0
BRDA:76,8,0,1
BRDA:91,9,0,0
BRDA:91,10,0,6
BRDA:91,10,1,6
BRDA:94,11,0,1
BRDA:97,12,0,1
BRDA:97,13,0,5
BRDA:97,13,1,4
BRDA:97,13,2,4
BRDA:100,14,0,0
BRDA:103,15,0,0
BRDA:107,16,0,1
BRDA:117,17,0,1
BRDA:127,18,0,1
BRDA:137,19,0,0
BRDA:137,20,0,2
BRDA:137,20,1,2
BRDA:147,21,0,0
BRDA:147,22,0,2
BRDA:147,22,1,2
BRDA:157,23,0,0
BRDA:157,24,0,2
BRDA:157,24,1,2
BRF:32
BRH:20
end_of_record
TN:
SF:src\gateways\connectips.ts
FN:12,(anonymous_0)
FN:16,(anonymous_1)
FN:21,(anonymous_2)
FN:26,(anonymous_3)
FNF:4
FNH:0
FNDA:0,(anonymous_0)
FNDA:0,(anonymous_1)
FNDA:0,(anonymous_2)
FNDA:0,(anonymous_3)
DA:9,2
DA:12,0
DA:13,0
DA:18,0
DA:23,0
DA:28,0
LF:6
LH:1
BRDA:13,0,0,0
BRDA:13,0,1,0
BRF:2
BRH:0
end_of_record
TN:
SF:src\gateways\esewa.ts
FN:12,(anonymous_0)
FN:16,(anonymous_1)
FN:44,(anonymous_2)
FN:59,(anonymous_3)
FNF:4
FNH:4
FNDA:10,(anonymous_0)
FNDA:1,(anonymous_1)
FNDA:1,(anonymous_2)
FNDA:1,(anonymous_3)
DA:1,2
DA:9,2
DA:12,10
DA:13,10
DA:17,1
DA:19,1
DA:33,1
DA:40,0
DA:45,1
DA:48,1
DA:55,0
DA:60,1
DA:63,1
DA:70,0
LF:14
LH:11
BRDA:13,0,0,10
BRDA:13,0,1,10
BRDA:25,1,0,1
BRDA:25,1,1,1
BRDA:28,2,0,1
BRDA:28,2,1,1
BRDA:40,3,0,0
BRDA:40,3,1,0
BRDA:55,4,0,0
BRDA:55,4,1,0
BRDA:70,5,0,0
BRDA:70,5,1,0
BRF:12
BRH:6
end_of_record
TN:
SF:src\gateways\imepay.ts
FN:12,(anonymous_0)
FN:16,(anonymous_1)
FN:21,(anonymous_2)
FN:26,(anonymous_3)
FNF:4
FNH:0
FNDA:0,(anonymous_0)
FNDA:0,(anonymous_1)
FNDA:0,(anonymous_2)
FNDA:0,(anonymous_3)
DA:9,2
DA:12,0
DA:13,0
DA:18,0
DA:23,0
DA:28,0
LF:6
LH:1
BRDA:13,0,0,0
BRDA:13,0,1,0
BRF:2
BRH:0
end_of_record
TN:
SF:src\gateways\khalti.ts
FN:13,(anonymous_1)
FN:17,(anonymous_2)
FN:51,(anonymous_3)
FN:79,(anonymous_4)
FNF:4
FNH:0
FNDA:0,(anonymous_1)
FNDA:0,(anonymous_2)
FNDA:0,(anonymous_3)
FNDA:0,(anonymous_4)
DA:1,2
DA:2,2
DA:10,2
DA:13,0
DA:14,0
DA:18,0
DA:19,0
DA:27,0
DA:37,0
DA:44,0
DA:52,0
DA:53,0
DA:65,0
DA:72,0
DA:81,0
LF:15
LH:3
BRDA:14,0,0,0
BRDA:14,0,1,0
BRDA:21,1,0,0
BRDA:21,1,1,0
BRDA:24,2,0,0
BRDA:24,2,1,0
BRDA:25,3,0,0
BRDA:25,3,1,0
BRDA:45,4,0,0
BRDA:45,4,1,0
BRDA:45,4,2,0
BRDA:45,5,0,0
BRDA:45,5,1,0
BRDA:45,6,0,0
BRDA:45,6,1,0
BRDA:45,7,0,0
BRDA:45,7,1,0
BRDA:45,8,0,0
BRDA:45,8,1,0
BRDA:67,9,0,0
BRDA:67,9,1,0
BRDA:73,10,0,0
BRDA:73,10,1,0
BRDA:73,10,2,0
BRDA:73,11,0,0
BRDA:73,11,1,0
BRDA:73,12,0,0
BRDA:73,12,1,0
BRDA:73,13,0,0
BRDA:73,13,1,0
BRDA:73,14,0,0
BRDA:73,14,1,0
BRF:32
BRH:0
end_of_record
TN:
SF:src\gateways\mobilebanking.ts
FN:12,(anonymous_0)
FN:16,(anonymous_1)
FN:21,(anonymous_2)
FN:26,(anonymous_3)
FNF:4
FNH:0
FNDA:0,(anonymous_0)
FNDA:0,(anonymous_1)
FNDA:0,(anonymous_2)
FNDA:0,(anonymous_3)
DA:9,2
DA:12,0
DA:13,0
DA:18,0
DA:23,0
DA:28,0
LF:6
LH:1
BRDA:13,0,0,0
BRDA:13,0,1,0
BRF:2
BRH:0
end_of_record
TN:
SF:src\global-gateways\cashfree.ts
FN:10,(anonymous_0)
FN:21,(anonymous_1)
FN:54,(anonymous_2)
FN:76,(anonymous_3)
FN:102,(anonymous_4)
FN:114,(anonymous_5)
FN:126,(anonymous_6)
FNF:7
FNH:7
FNDA:1,(anonymous_0)
FNDA:1,(anonymous_1)
FNDA:1,(anonymous_2)
FNDA:1,(anonymous_3)
FNDA:1,(anonymous_4)
FNDA:1,(anonymous_5)
FNDA:1,(anonymous_6)
DA:2,1
DA:7,1
DA:10,1
DA:11,1
DA:22,1
DA:23,1
DA:35,1
DA:42,0
DA:55,1
DA:56,1
DA:57,1
DA:64,0
DA:77,1
DA:78,1
DA:83,1
DA:90,0
DA:103,1
DA:115,1
DA:127,1
LF:19
LH:16
BRDA:12,0,0,1
BRDA:12,0,1,0
BRDA:33,1,0,1
BRDA:33,1,1,1
BRDA:46,2,0,0
BRDA:46,2,1,0
BRDA:59,3,0,1
BRDA:59,3,1,0
BRDA:68,4,0,0
BRDA:68,4,1,0
BRDA:81,5,0,1
BRDA:81,5,1,1
BRDA:94,6,0,0
BRDA:94,6,1,0
BRF:14
BRH:6
end_of_record
TN:
SF:src\global-gateways\flutterwave.ts
FN:10,(anonymous_1)
FN:17,(anonymous_2)
FN:51,(anonymous_3)
FN:73,(anonymous_4)
FN:99,(anonymous_5)
FN:111,(anonymous_6)
FN:123,(anonymous_7)
FNF:7
FNH:7
FNDA:1,(anonymous_1)
FNDA:1,(anonymous_2)
FNDA:1,(anonymous_3)
FNDA:1,(anonymous_4)
FNDA:1,(anonymous_5)
FNDA:1,(anonymous_6)
FNDA:1,(anonymous_7)
DA:2,1
DA:7,1
DA:10,1
DA:11,1
DA:18,1
DA:19,1
DA:31,1
DA:32,1
DA:39,0
DA:52,1
DA:53,1
DA:54,1
DA:61,0
DA:74,1
DA:75,1
DA:80,1
DA:87,0
DA:100,1
DA:112,1
DA:124,1
LF:20
LH:17
BRDA:28,0,0,1
BRDA:28,0,1,1
BRDA:34,1,0,1
BRDA:34,1,1,0
BRDA:36,2,0,1
BRDA:36,2,1,0
BRDA:43,3,0,0
BRDA:43,3,1,0
BRDA:56,4,0,1
BRDA:56,4,1,0
BRDA:65,5,0,0
BRDA:65,5,1,0
BRDA:82,6,0,1
BRDA:82,6,1,0
BRDA:84,7,0,1
BRDA:84,7,1,0
BRDA:91,8,0,0
BRDA:91,8,1,0
BRF:18
BRH:7
end_of_record
TN:
SF:src\global-gateways\paypal.ts
FN:10,(anonymous_9)
FN:20,(anonymous_10)
FN:66,(anonymous_11)
FN:89,(anonymous_12)
FN:131,(anonymous_13)
FN:143,(anonymous_14)
FN:155,(anonymous_15)
FNF:7
FNH:7
FNDA:1,(anonymous_9)
FNDA:1,(anonymous_10)
FNDA:1,(anonymous_11)
FNDA:1,(anonymous_12)
FNDA:1,(anonymous_13)
FNDA:1,(anonymous_14)
FNDA:1,(anonymous_15)
DA:2,1
DA:7,1
DA:10,1
DA:11,1
DA:14,1
DA:21,1
DA:22,1
DA:23,1
DA:24,1
DA:37,1
DA:38,1
DA:39,1
DA:46,0
DA:54,0
DA:67,1
DA:68,1
DA:69,1
DA:70,1
DA:77,0
DA:90,1
DA:92,1
DA:93,1
DA:94,1
DA:95,1
DA:96,1
DA:102,1
DA:103,1
DA:104,1
DA:111,0
DA:119,0
DA:132,1
DA:144,1
DA:156,1
LF:33
LH:28
BRDA:11,0,0,0
BRDA:11,0,1,1
BRDA:34,1,0,1
BRDA:34,1,1,1
BRDA:38,2,0,1
BRDA:38,2,1,0
BRDA:38,3,0,1
BRDA:38,3,1,1
BRDA:38,3,2,0
BRDA:58,4,0,0
BRDA:58,4,1,0
BRDA:72,5,0,1
BRDA:72,5,1,0
BRDA:81,6,0,0
BRDA:81,6,1,0
BRDA:103,7,0,1
BRDA:103,7,1,0
BRDA:103,8,0,1
BRDA:103,8,1,1
BRDA:123,9,0,0
BRDA:123,9,1,0
BRF:21
BRH:10
end_of_record
TN:
SF:src\global-gateways\paystack.ts
FN:10,(anonymous_1)
FN:17,(anonymous_2)
FN:45,(anonymous_3)
FN:67,(anonymous_4)
FN:92,(anonymous_5)
FN:104,(anonymous_6)
FN:116,(anonymous_7)
FNF:7
FNH:7
FNDA:1,(anonymous_1)
FNDA:1,(anonymous_2)
FNDA:1,(anonymous_3)
FNDA:1,(anonymous_4)
FNDA:1,(anonymous_5)
FNDA:1,(anonymous_6)
FNDA:1,(anonymous_7)
DA:2,1
DA:7,1
DA:10,1
DA:11,1
DA:18,1
DA:19,1
DA:26,1
DA:33,0
DA:46,1
DA:47,1
DA:48,1
DA:55,0
DA:68,1
DA:69,1
DA:73,1
DA:80,0
DA:93,1
DA:105,1
DA:117,1
LF:19
LH:16
BRDA:24,0,0,1
BRDA:24,0,1,1
BRDA:28,1,0,1
BRDA:28,1,1,0
BRDA:30,2,0,1
BRDA:30,2,1,0
BRDA:37,3,0,0
BRDA:37,3,1,0
BRDA:50,4,0,1
BRDA:50,4,1,0
BRDA:59,5,0,0
BRDA:59,5,1,0
BRDA:75,6,0,1
BRDA:75,6,1,0
BRDA:77,7,0,1
BRDA:77,7,1,0
BRDA:84,8,0,0
BRDA:84,8,1,0
BRF:18
BRH:7
end_of_record
TN:
SF:src\global-gateways\razorpay.ts
FN:10,(anonymous_1)
FN:17,(anonymous_2)
FN:45,(anonymous_3)
FN:67,(anonymous_4)
FN:91,(anonymous_5)
FN:118,(anonymous_6)
FN:148,(anonymous_7)
FNF:7
FNH:7
FNDA:1,(anonymous_1)
FNDA:1,(anonymous_2)
FNDA:1,(anonymous_3)
FNDA:1,(anonymous_4)
FNDA:1,(anonymous_5)
FNDA:1,(anonymous_6)
FNDA:1,(anonymous_7)
DA:2,1
DA:7,1
DA:10,1
DA:11,1
DA:18,1
DA:19,1
DA:26,1
DA:33,0
DA:46,1
DA:47,1
DA:48,1
DA:55,0
DA:68,1
DA:69,1
DA:72,1
DA:79,0
DA:92,1
DA:93,1
DA:99,1
DA:106,0
DA:119,1
DA:120,1
DA:129,1
DA:136,0
DA:149,1
LF:25
LH:20
BRDA:22,0,0,1
BRDA:22,0,1,1
BRDA:24,1,0,1
BRDA:24,1,1,1
BRDA:37,2,0,0
BRDA:37,2,1,0
BRDA:50,3,0,1
BRDA:50,3,1,0
BRDA:59,4,0,0
BRDA:59,4,1,0
BRDA:83,5,0,0
BRDA:83,5,1,0
BRDA:96,6,0,1
BRDA:96,6,1,1
BRDA:97,7,0,1
BRDA:97,7,1,1
BRDA:101,8,0,1
BRDA:101,8,1,0
BRDA:110,9,0,0
BRDA:110,9,1,0
BRDA:126,10,0,1
BRDA:126,10,1,1
BRDA:127,11,0,1
BRDA:127,11,1,1
BRDA:140,12,0,0
BRDA:140,12,1,0
BRF:26
BRH:14
end_of_record
TN:
SF:src\global-gateways\stripe.ts
FN:10,(anonymous_1)
FN:17,(anonymous_2)
FN:47,(anonymous_3)
FN:69,(anonymous_4)
FN:94,(anonymous_5)
FN:119,(anonymous_6)
FN:147,(anonymous_7)
FNF:7
FNH:7
FNDA:1,(anonymous_1)
FNDA:1,(anonymous_2)
FNDA:1,(anonymous_3)
FNDA:1,(anonymous_4)
FNDA:1,(anonymous_5)
FNDA:1,(anonymous_6)
FNDA:1,(anonymous_7)
DA:2,1
DA:7,1
DA:10,1
DA:11,1
DA:18,1
DA:19,1
DA:28,1
DA:35,0
DA:48,1
DA:49,1
DA:50,1
DA:57,0
DA:70,1
DA:71,1
DA:75,1
DA:82,0
DA:95,1
DA:96,1
DA:100,1
DA:107,0
DA:120,1
DA:121,1
DA:128,1
DA:135,0
DA:148,1
LF:25
LH:20
BRDA:22,0,0,1
BRDA:22,0,1,1
BRDA:39,1,0,0
BRDA:39,1,1,0
BRDA:52,2,0,1
BRDA:52,2,1,0
BRDA:61,3,0,0
BRDA:61,3,1,0
BRDA:86,4,0,0
BRDA:86,4,1,0
BRDA:126,5,0,1
BRDA:126,5,1,1
BRF:12
BRH:5
end_of_record
TN:
SF:src\handlers\webhook.ts
FN:5,verifySignature
FN:11,paymentWebhookHandler
FNF:2
FNH:2
FNDA:1,verifySignature
FNDA:1,paymentWebhookHandler
DA:2,1
DA:8,1
DA:11,1
DA:12,1
DA:13,1
DA:14,0
DA:16,1
DA:17,0
DA:21,1
DA:22,1
DA:24,1
DA:25,1
DA:27,0
DA:28,0
DA:30,0
DA:31,0
DA:33,0
DA:34,0
DA:36,0
DA:37,0
DA:39,0
DA:42,1
DA:43,1
DA:45,0
LF:24
LH:12
BRDA:12,0,0,1
BRDA:12,0,1,0
BRDA:13,1,0,0
BRDA:16,2,0,0
BRDA:22,3,0,1
BRDA:22,3,1,0
BRDA:22,3,2,0
BRDA:22,3,3,0
BRDA:22,3,4,0
BRDA:22,3,5,0
BRF:10
BRH:2
end_of_record
TN:
SF:src\types\index.ts
FN:4,(anonymous_4)
FNF:1
FNH:1
FNDA:10,(anonymous_4)
DA:1,2
DA:4,12
LF:2
LH:2
BRF:0
BRH:0
end_of_record
TN:
SF:src\types\legacy.ts
FN:2,(anonymous_0)
FNF:1
FNH:1
FNDA:5,(anonymous_0)
DA:1,2
DA:2,5
DA:3,5
DA:4,5
LF:4
LH:4
BRF:0
BRH:0
end_of_record
TN:
SF:src\utils\eventBus.ts
FN:6,(anonymous_0)
FN:12,(anonymous_1)
FN:20,(anonymous_2)
FN:22,(anonymous_3)
FN:28,(anonymous_4)
FNF:5
FNH:3
FNDA:2,(anonymous_0)
FNDA:6,(anonymous_1)
FNDA:0,(anonymous_2)
FNDA:0,(anonymous_3)
FNDA:15,(anonymous_4)
DA:6,2
DA:7,2
DA:13,6
DA:14,6
DA:21,0
DA:22,0
DA:29,15
DA:30,6
DA:31,6
DA:36,2
LF:10
LH:8
BRDA:13,0,0,6
BRDA:21,1,0,0
BRDA:29,2,0,9
BRF:3
BRH:2
end_of_record
TN:
SF:src\utils\transactionStore.ts
FN:11,addTransaction
FN:15,updateTransaction
FN:16,(anonymous_2)
FN:23,getTransaction
FN:24,(anonymous_4)
FN:27,listTransactions
FNF:6
FNH:6
FNDA:2,addTransaction
FNDA:2,updateTransaction
FNDA:2,(anonymous_2)
FNDA:4,getTransaction
FNDA:4,(anonymous_4)
FNDA:2,listTransactions
DA:9,2
DA:11,2
DA:12,2
DA:15,2
DA:16,2
DA:17,2
DA:18,2
DA:19,2
DA:23,2
DA:24,4
DA:27,2
DA:28,2
LF:12
LH:12
BRDA:17,0,0,2
BRF:1
BRH:1
end_of_record
