TN:
SF:src\gateways\connectips.ts
FN:12,(anonymous_0)
FN:16,(anonymous_1)
FN:21,(anonymous_2)
FN:26,(anonymous_3)
FNF:4
FNH:0
FNDA:0,(anonymous_0)
FNDA:0,(anonymous_1)
FNDA:0,(anonymous_2)
FNDA:0,(anonymous_3)
DA:9,2
DA:12,0
DA:13,0
DA:18,0
DA:23,0
DA:28,0
LF:6
LH:1
BRDA:13,0,0,0
BRDA:13,0,1,0
BRF:2
BRH:0
end_of_record
TN:
SF:src\gateways\esewa.ts
FN:12,(anonymous_0)
FN:16,(anonymous_1)
FN:47,(anonymous_2)
FN:65,(anonymous_3)
FNF:4
FNH:4
FNDA:10,(anonymous_0)
FNDA:1,(anonymous_1)
FNDA:1,(anonymous_2)
FNDA:1,(anonymous_3)
DA:1,2
DA:9,2
DA:12,10
DA:13,10
DA:17,1
DA:19,1
DA:33,1
DA:40,0
DA:41,0
DA:43,0
DA:48,1
DA:51,1
DA:58,0
DA:59,0
DA:61,0
DA:66,1
DA:69,1
DA:76,0
DA:77,0
DA:79,0
LF:20
LH:11
BRDA:13,0,0,10
BRDA:13,0,1,10
BRDA:25,1,0,1
BRDA:25,1,1,1
BRDA:28,2,0,1
BRDA:28,2,1,1
BRDA:40,3,0,0
BRDA:41,4,0,0
BRDA:41,4,1,0
BRDA:58,5,0,0
BRDA:59,6,0,0
BRDA:59,6,1,0
BRDA:76,7,0,0
BRDA:77,8,0,0
BRDA:77,8,1,0
BRF:15
BRH:6
end_of_record
TN:
SF:src\gateways\imepay.ts
FN:12,(anonymous_0)
FN:16,(anonymous_1)
FN:21,(anonymous_2)
FN:26,(anonymous_3)
FNF:4
FNH:0
FNDA:0,(anonymous_0)
FNDA:0,(anonymous_1)
FNDA:0,(anonymous_2)
FNDA:0,(anonymous_3)
DA:9,2
DA:12,0
DA:13,0
DA:18,0
DA:23,0
DA:28,0
LF:6
LH:1
BRDA:13,0,0,0
BRDA:13,0,1,0
BRF:2
BRH:0
end_of_record
TN:
SF:src\gateways\khalti.ts
FN:13,(anonymous_1)
FN:17,(anonymous_2)
FN:55,(anonymous_3)
FN:87,(anonymous_4)
FNF:4
FNH:0
FNDA:0,(anonymous_1)
FNDA:0,(anonymous_2)
FNDA:0,(anonymous_3)
FNDA:0,(anonymous_4)
DA:1,2
DA:2,2
DA:10,2
DA:13,0
DA:14,0
DA:18,0
DA:19,0
DA:27,0
DA:37,0
DA:44,0
DA:46,0
DA:48,0
DA:49,0
DA:51,0
DA:56,0
DA:57,0
DA:69,0
DA:76,0
DA:78,0
DA:80,0
DA:81,0
DA:83,0
DA:89,0
LF:23
LH:3
BRDA:14,0,0,0
BRDA:14,0,1,0
BRDA:21,1,0,0
BRDA:21,1,1,0
BRDA:24,2,0,0
BRDA:24,2,1,0
BRDA:25,3,0,0
BRDA:25,3,1,0
BRDA:44,4,0,0
BRDA:44,5,0,0
BRDA:44,5,1,0
BRDA:44,5,2,0
BRDA:44,5,3,0
BRDA:44,5,4,0
BRDA:44,5,5,0
BRDA:44,5,6,0
BRDA:44,5,7,0
BRDA:44,5,8,0
BRDA:46,6,0,0
BRDA:46,6,1,0
BRDA:46,6,2,0
BRDA:48,7,0,0
BRDA:49,8,0,0
BRDA:49,8,1,0
BRDA:71,9,0,0
BRDA:71,9,1,0
BRDA:76,10,0,0
BRDA:76,11,0,0
BRDA:76,11,1,0
BRDA:76,11,2,0
BRDA:76,11,3,0
BRDA:76,11,4,0
BRDA:76,11,5,0
BRDA:76,11,6,0
BRDA:76,11,7,0
BRDA:76,11,8,0
BRDA:78,12,0,0
BRDA:78,12,1,0
BRDA:78,12,2,0
BRDA:80,13,0,0
BRDA:81,14,0,0
BRDA:81,14,1,0
BRF:42
BRH:0
end_of_record
TN:
SF:src\gateways\mobilebanking.ts
FN:12,(anonymous_0)
FN:16,(anonymous_1)
FN:21,(anonymous_2)
FN:26,(anonymous_3)
FNF:4
FNH:0
FNDA:0,(anonymous_0)
FNDA:0,(anonymous_1)
FNDA:0,(anonymous_2)
FNDA:0,(anonymous_3)
DA:9,2
DA:12,0
DA:13,0
DA:18,0
DA:23,0
DA:28,0
LF:6
LH:1
BRDA:13,0,0,0
BRDA:13,0,1,0
BRF:2
BRH:0
end_of_record
TN:
SF:src\global-gateways\cashfree.ts
FN:11,(anonymous_0)
FN:20,(anonymous_1)
FN:58,(anonymous_2)
FN:88,(anonymous_3)
FN:119,(anonymous_4)
FN:132,(anonymous_5)
FN:145,(anonymous_6)
FNF:7
FNH:7
FNDA:1,(anonymous_0)
FNDA:1,(anonymous_1)
FNDA:1,(anonymous_2)
FNDA:1,(anonymous_3)
FNDA:1,(anonymous_4)
FNDA:1,(anonymous_5)
FNDA:1,(anonymous_6)
DA:2,1
DA:3,1
DA:8,1
DA:11,1
DA:12,1
DA:14,1
DA:21,1
DA:22,1
DA:31,1
DA:38,0
DA:39,0
DA:46,0
DA:59,1
DA:60,1
DA:61,1
DA:68,0
DA:69,0
DA:76,0
DA:89,1
DA:90,1
DA:91,1
DA:98,0
DA:99,0
DA:106,0
DA:120,1
DA:133,1
DA:146,1
LF:27
LH:18
BRDA:12,0,0,1
BRDA:12,0,1,0
BRDA:12,1,0,1
BRDA:12,1,1,1
BRDA:38,2,0,0
BRDA:43,3,0,0
BRDA:43,3,1,0
BRDA:68,4,0,0
BRDA:73,5,0,0
BRDA:73,5,1,0
BRDA:98,6,0,0
BRDA:103,7,0,0
BRDA:103,7,1,0
BRF:13
BRH:3
end_of_record
TN:
SF:src\global-gateways\flutterwave.ts
FN:10,(anonymous_1)
FN:17,(anonymous_2)
FN:61,(anonymous_3)
FN:91,(anonymous_4)
FN:128,(anonymous_5)
FN:141,(anonymous_6)
FN:154,(anonymous_7)
FNF:7
FNH:7
FNDA:1,(anonymous_1)
FNDA:1,(anonymous_2)
FNDA:1,(anonymous_3)
FNDA:1,(anonymous_4)
FNDA:1,(anonymous_5)
FNDA:1,(anonymous_6)
FNDA:1,(anonymous_7)
DA:2,1
DA:7,1
DA:10,1
DA:11,1
DA:18,1
DA:19,1
DA:31,1
DA:32,1
DA:33,1
DA:34,1
DA:41,0
DA:42,0
DA:49,0
DA:62,1
DA:63,1
DA:64,1
DA:71,0
DA:72,0
DA:79,0
DA:92,1
DA:93,1
DA:98,1
DA:99,1
DA:100,1
DA:107,0
DA:108,0
DA:115,0
DA:129,1
DA:142,1
DA:155,1
LF:30
LH:21
BRDA:28,0,0,1
BRDA:28,0,1,1
BRDA:33,1,0,0
BRDA:36,2,0,1
BRDA:36,2,1,0
BRDA:41,3,0,0
BRDA:46,4,0,0
BRDA:46,4,1,0
BRDA:66,5,0,1
BRDA:66,5,1,0
BRDA:71,6,0,0
BRDA:76,7,0,0
BRDA:76,7,1,0
BRDA:99,8,0,0
BRDA:102,9,0,1
BRDA:102,9,1,0
BRDA:107,10,0,0
BRDA:112,11,0,0
BRDA:112,11,1,0
BRF:19
BRH:5
end_of_record
TN:
SF:src\global-gateways\paypal.ts
FN:10,(anonymous_9)
FN:20,(anonymous_10)
FN:74,(anonymous_11)
FN:105,(anonymous_12)
FN:156,(anonymous_13)
FN:169,(anonymous_14)
FN:182,(anonymous_15)
FNF:7
FNH:7
FNDA:1,(anonymous_9)
FNDA:1,(anonymous_10)
FNDA:1,(anonymous_11)
FNDA:1,(anonymous_12)
FNDA:1,(anonymous_13)
FNDA:1,(anonymous_14)
FNDA:1,(anonymous_15)
DA:2,1
DA:7,1
DA:10,1
DA:11,1
DA:14,1
DA:21,1
DA:22,1
DA:23,1
DA:24,1
DA:37,1
DA:38,1
DA:39,1
DA:46,0
DA:54,0
DA:55,0
DA:62,0
DA:75,1
DA:76,1
DA:77,1
DA:78,1
DA:85,0
DA:86,0
DA:93,0
DA:106,1
DA:108,1
DA:109,1
DA:110,1
DA:111,1
DA:112,1
DA:118,1
DA:119,1
DA:120,1
DA:127,0
DA:135,0
DA:136,0
DA:143,0
DA:157,1
DA:170,1
DA:183,1
LF:39
LH:28
BRDA:11,0,0,0
BRDA:11,0,1,1
BRDA:34,1,0,1
BRDA:34,1,1,1
BRDA:38,2,0,1
BRDA:38,2,1,0
BRDA:38,3,0,1
BRDA:38,3,1,1
BRDA:38,3,2,0
BRDA:54,4,0,0
BRDA:59,5,0,0
BRDA:59,5,1,0
BRDA:80,6,0,1
BRDA:80,6,1,0
BRDA:85,7,0,0
BRDA:90,8,0,0
BRDA:90,8,1,0
BRDA:119,9,0,1
BRDA:119,9,1,0
BRDA:119,10,0,1
BRDA:119,10,1,1
BRDA:135,11,0,0
BRDA:140,12,0,0
BRDA:140,12,1,0
BRF:24
BRH:10
end_of_record
TN:
SF:src\global-gateways\paystack.ts
FN:10,(anonymous_1)
FN:17,(anonymous_2)
FN:53,(anonymous_3)
FN:83,(anonymous_4)
FN:117,(anonymous_5)
FN:130,(anonymous_6)
FN:143,(anonymous_7)
FNF:7
FNH:7
FNDA:1,(anonymous_1)
FNDA:1,(anonymous_2)
FNDA:1,(anonymous_3)
FNDA:1,(anonymous_4)
FNDA:1,(anonymous_5)
FNDA:1,(anonymous_6)
FNDA:1,(anonymous_7)
DA:2,1
DA:7,1
DA:10,1
DA:11,1
DA:18,1
DA:19,1
DA:26,1
DA:33,0
DA:34,0
DA:41,0
DA:54,1
DA:55,1
DA:56,1
DA:63,0
DA:64,0
DA:71,0
DA:84,1
DA:85,1
DA:89,1
DA:96,0
DA:97,0
DA:104,0
DA:118,1
DA:131,1
DA:144,1
LF:25
LH:16
BRDA:24,0,0,1
BRDA:24,0,1,1
BRDA:28,1,0,1
BRDA:28,1,1,0
BRDA:30,2,0,1
BRDA:30,2,1,0
BRDA:33,3,0,0
BRDA:38,4,0,0
BRDA:38,4,1,0
BRDA:58,5,0,1
BRDA:58,5,1,0
BRDA:63,6,0,0
BRDA:68,7,0,0
BRDA:68,7,1,0
BRDA:91,8,0,1
BRDA:91,8,1,0
BRDA:93,9,0,1
BRDA:93,9,1,0
BRDA:96,10,0,0
BRDA:101,11,0,0
BRDA:101,11,1,0
BRF:21
BRH:7
end_of_record
TN:
SF:src\global-gateways\razorpay.ts
FN:11,(anonymous_1)
FN:18,(anonymous_2)
FN:25,(anonymous_3)
FN:46,(anonymous_4)
FN:68,(anonymous_5)
FN:97,(anonymous_6)
FN:110,(anonymous_7)
FN:123,(anonymous_8)
FNF:8
FNH:7
FNDA:1,(anonymous_1)
FNDA:1,(anonymous_2)
FNDA:0,(anonymous_3)
FNDA:1,(anonymous_4)
FNDA:1,(anonymous_5)
FNDA:1,(anonymous_6)
FNDA:1,(anonymous_7)
FNDA:1,(anonymous_8)
DA:3,1
DA:8,1
DA:11,1
DA:12,1
DA:19,1
DA:20,1
DA:25,0
DA:27,1
DA:34,0
DA:47,1
DA:48,1
DA:49,1
DA:56,0
DA:69,1
DA:72,1
DA:77,1
DA:84,0
DA:98,1
DA:111,1
DA:124,1
LF:20
LH:16
BRDA:23,0,0,1
BRDA:23,0,1,1
BRDA:25,1,0,0
BRDA:25,1,1,1
BRDA:25,2,0,0
BRDA:25,2,1,0
BRDA:25,3,0,0
BRDA:25,3,1,0
BRDA:25,4,0,0
BRDA:25,4,1,0
BRDA:37,5,0,0
BRDA:37,5,1,0
BRDA:38,6,0,0
BRDA:38,6,1,0
BRDA:51,7,0,1
BRDA:51,7,1,0
BRDA:59,8,0,0
BRDA:59,8,1,0
BRDA:60,9,0,0
BRDA:60,9,1,0
BRDA:74,10,0,1
BRDA:74,10,1,1
BRDA:87,11,0,0
BRDA:87,11,1,0
BRDA:88,12,0,0
BRDA:88,12,1,0
BRF:26
BRH:6
end_of_record
TN:
SF:src\global-gateways\stripe.ts
FN:11,(anonymous_1)
FN:18,(anonymous_2)
FN:23,(anonymous_3)
FN:56,(anonymous_4)
FN:86,(anonymous_5)
FN:120,(anonymous_6)
FN:133,(anonymous_7)
FN:146,(anonymous_8)
FNF:8
FNH:7
FNDA:1,(anonymous_1)
FNDA:1,(anonymous_2)
FNDA:0,(anonymous_3)
FNDA:1,(anonymous_4)
FNDA:1,(anonymous_5)
FNDA:1,(anonymous_6)
FNDA:1,(anonymous_7)
FNDA:1,(anonymous_8)
DA:3,1
DA:8,1
DA:11,1
DA:12,1
DA:19,1
DA:20,1
DA:23,0
DA:29,1
DA:36,0
DA:37,0
DA:44,0
DA:57,1
DA:58,1
DA:59,1
DA:66,0
DA:67,0
DA:74,0
DA:87,1
DA:88,1
DA:92,1
DA:99,0
DA:100,0
DA:107,0
DA:121,1
DA:134,1
DA:147,1
LF:26
LH:16
BRDA:23,0,0,0
BRDA:23,0,1,1
BRDA:23,1,0,0
BRDA:23,1,1,0
BRDA:23,2,0,0
BRDA:23,2,1,0
BRDA:23,3,0,0
BRDA:23,3,1,0
BRDA:24,4,0,0
BRDA:24,4,1,1
BRDA:25,5,0,0
BRDA:25,5,1,1
BRDA:26,6,0,1
BRDA:26,6,1,0
BRDA:36,7,0,0
BRDA:41,8,0,0
BRDA:41,8,1,0
BRDA:61,9,0,1
BRDA:61,9,1,0
BRDA:66,10,0,0
BRDA:71,11,0,0
BRDA:71,11,1,0
BRDA:99,12,0,0
BRDA:104,13,0,0
BRDA:104,13,1,0
BRF:25
BRH:5
end_of_record
TN:
SF:src\handlers\webhook.ts
FN:3,paymentWebhookHandler
FNF:1
FNH:1
FNDA:1,paymentWebhookHandler
DA:3,1
DA:5,1
LF:2
LH:2
BRF:0
BRH:0
end_of_record
TN:
SF:src\types\legacy.ts
FN:2,(anonymous_0)
FNF:1
FNH:1
FNDA:5,(anonymous_0)
DA:1,2
DA:2,5
DA:3,5
DA:4,5
LF:4
LH:4
BRF:0
BRH:0
end_of_record
TN:
SF:src\utils\eventBus.ts
FN:6,(anonymous_0)
FN:12,(anonymous_1)
FN:20,(anonymous_2)
FN:22,(anonymous_3)
FN:28,(anonymous_4)
FNF:5
FNH:3
FNDA:2,(anonymous_0)
FNDA:6,(anonymous_1)
FNDA:0,(anonymous_2)
FNDA:0,(anonymous_3)
FNDA:15,(anonymous_4)
DA:6,2
DA:7,2
DA:13,6
DA:14,6
DA:21,0
DA:22,0
DA:29,15
DA:30,6
DA:31,6
DA:36,2
LF:10
LH:8
BRDA:13,0,0,6
BRDA:21,1,0,0
BRDA:29,2,0,9
BRF:3
BRH:2
end_of_record
TN:
SF:src\utils\transactionStore.ts
FN:11,addTransaction
FN:15,updateTransaction
FN:16,(anonymous_2)
FN:23,getTransaction
FN:24,(anonymous_4)
FN:27,listTransactions
FNF:6
FNH:6
FNDA:2,addTransaction
FNDA:2,updateTransaction
FNDA:2,(anonymous_2)
FNDA:4,getTransaction
FNDA:4,(anonymous_4)
FNDA:2,listTransactions
DA:9,2
DA:11,2
DA:12,2
DA:15,2
DA:16,2
DA:17,2
DA:18,2
DA:19,2
DA:23,2
DA:24,4
DA:27,2
DA:28,2
LF:12
LH:12
BRDA:17,0,0,2
BRF:1
BRH:1
end_of_record
